{"/home/travis/build/npmtest/node-npmtest-depcheck/test.js":{"path":"/home/travis/build/npmtest/node-npmtest-depcheck/test.js","s":{"1":2,"2":2,"3":2,"4":2,"5":2,"6":2,"7":2,"8":1,"9":2,"10":2,"11":1,"12":1,"13":1,"14":1,"15":2,"16":2,"17":2,"18":2,"19":1,"20":1,"21":2,"22":2,"23":2,"24":1,"25":1,"26":1,"27":1,"28":1,"29":1,"30":1,"31":1,"32":1,"33":1,"34":1,"35":1,"36":1,"37":1,"38":1,"39":2,"40":2,"41":1,"42":2,"43":2,"44":1,"45":2,"46":2,"47":1,"48":2,"49":2,"50":1,"51":1,"52":1,"53":1,"54":1},"b":{"1":[2,1,1,1],"2":[1,1,1,1],"3":[1,1],"4":[1,1],"5":[1,1],"6":[1,1],"7":[1,1],"8":[1,1],"9":[1,1],"10":[1,1,1],"11":[1,1],"12":[1,1],"13":[1,1],"14":[1,1],"15":[1,1],"16":[1,1],"17":[1,1]},"f":{"1":2,"2":2,"3":2,"4":2,"5":2,"6":1,"7":1,"8":1,"9":2,"10":2,"11":2,"12":2,"13":1},"fnMap":{"1":{"name":"(anonymous_1)","line":12,"loc":{"start":{"line":12,"column":1},"end":{"line":12,"column":13}}},"2":{"name":"(anonymous_2)","line":19,"loc":{"start":{"line":19,"column":5},"end":{"line":19,"column":17}}},"3":{"name":"(anonymous_3)","line":23,"loc":{"start":{"line":23,"column":24},"end":{"line":23,"column":36}}},"4":{"name":"(anonymous_4)","line":61,"loc":{"start":{"line":61,"column":5},"end":{"line":61,"column":17}}},"5":{"name":"(anonymous_5)","line":82,"loc":{"start":{"line":82,"column":5},"end":{"line":82,"column":17}}},"6":{"name":"(anonymous_6)","line":91,"loc":{"start":{"line":91,"column":77},"end":{"line":94,"column":10}}},"7":{"name":"(anonymous_7)","line":112,"loc":{"start":{"line":112,"column":83},"end":{"line":115,"column":10}},"skip":true},"8":{"name":"(anonymous_8)","line":123,"loc":{"start":{"line":123,"column":77},"end":{"line":126,"column":10}},"skip":true},"9":{"name":"(anonymous_9)","line":139,"loc":{"start":{"line":139,"column":12},"end":{"line":139,"column":40}},"skip":true},"10":{"name":"(anonymous_10)","line":147,"loc":{"start":{"line":147,"column":77},"end":{"line":150,"column":10}},"skip":true},"11":{"name":"(anonymous_11)","line":158,"loc":{"start":{"line":158,"column":83},"end":{"line":161,"column":10}},"skip":true},"12":{"name":"(anonymous_12)","line":169,"loc":{"start":{"line":169,"column":79},"end":{"line":172,"column":10}},"skip":true},"13":{"name":"(anonymous_13)","line":180,"loc":{"start":{"line":180,"column":75},"end":{"line":183,"column":10}},"skip":true}},"statementMap":{"1":{"start":{"line":12,"column":0},"end":{"line":195,"column":5}},"2":{"start":{"line":14,"column":4},"end":{"line":14,"column":14}},"3":{"start":{"line":19,"column":4},"end":{"line":56,"column":9}},"4":{"start":{"line":21,"column":8},"end":{"line":21,"column":19}},"5":{"start":{"line":23,"column":8},"end":{"line":35,"column":13}},"6":{"start":{"line":24,"column":12},"end":{"line":34,"column":13}},"7":{"start":{"line":25,"column":16},"end":{"line":28,"column":30}},"8":{"start":{"line":30,"column":16},"end":{"line":33,"column":27}},"9":{"start":{"line":37,"column":8},"end":{"line":39,"column":21}},"10":{"start":{"line":40,"column":8},"end":{"line":53,"column":9}},"11":{"start":{"line":43,"column":12},"end":{"line":46,"column":14}},"12":{"start":{"line":47,"column":12},"end":{"line":47,"column":18}},"13":{"start":{"line":50,"column":12},"end":{"line":51,"column":46}},"14":{"start":{"line":52,"column":12},"end":{"line":52,"column":18}},"15":{"start":{"line":55,"column":8},"end":{"line":55,"column":35}},"16":{"start":{"line":61,"column":4},"end":{"line":63,"column":9}},"17":{"start":{"line":62,"column":8},"end":{"line":62,"column":15}},"18":{"start":{"line":64,"column":4},"end":{"line":77,"column":5}},"19":{"start":{"line":70,"column":8},"end":{"line":70,"column":14}},"20":{"start":{"line":76,"column":8},"end":{"line":76,"column":14}},"21":{"start":{"line":82,"column":4},"end":{"line":84,"column":9}},"22":{"start":{"line":83,"column":8},"end":{"line":83,"column":15}},"23":{"start":{"line":85,"column":4},"end":{"line":194,"column":5}},"24":{"start":{"line":91,"column":8},"end":{"line":99,"column":10}},"25":{"start":{"line":98,"column":12},"end":{"line":98,"column":35}},"26":{"start":{"line":102,"column":8},"end":{"line":104,"column":63}},"27":{"start":{"line":105,"column":8},"end":{"line":105,"column":14}},"28":{"start":{"line":112,"column":8},"end":{"line":121,"column":10},"skip":true},"29":{"start":{"line":119,"column":12},"end":{"line":119,"column":55},"skip":true},"30":{"start":{"line":120,"column":12},"end":{"line":120,"column":48},"skip":true},"31":{"start":{"line":123,"column":8},"end":{"line":136,"column":10},"skip":true},"32":{"start":{"line":130,"column":12},"end":{"line":130,"column":76},"skip":true},"33":{"start":{"line":131,"column":12},"end":{"line":131,"column":73},"skip":true},"34":{"start":{"line":132,"column":12},"end":{"line":132,"column":74},"skip":true},"35":{"start":{"line":133,"column":12},"end":{"line":133,"column":79},"skip":true},"36":{"start":{"line":134,"column":12},"end":{"line":134,"column":25},"skip":true},"37":{"start":{"line":135,"column":12},"end":{"line":135,"column":45},"skip":true},"38":{"start":{"line":138,"column":8},"end":{"line":145,"column":14},"skip":true},"39":{"start":{"line":143,"column":16},"end":{"line":143,"column":29},"skip":true},"40":{"start":{"line":144,"column":16},"end":{"line":144,"column":55},"skip":true},"41":{"start":{"line":147,"column":8},"end":{"line":156,"column":10},"skip":true},"42":{"start":{"line":154,"column":12},"end":{"line":154,"column":25},"skip":true},"43":{"start":{"line":155,"column":12},"end":{"line":155,"column":45},"skip":true},"44":{"start":{"line":158,"column":8},"end":{"line":167,"column":10},"skip":true},"45":{"start":{"line":165,"column":12},"end":{"line":165,"column":25},"skip":true},"46":{"start":{"line":166,"column":12},"end":{"line":166,"column":48},"skip":true},"47":{"start":{"line":169,"column":8},"end":{"line":178,"column":10},"skip":true},"48":{"start":{"line":176,"column":12},"end":{"line":176,"column":25},"skip":true},"49":{"start":{"line":177,"column":12},"end":{"line":177,"column":46},"skip":true},"50":{"start":{"line":180,"column":8},"end":{"line":189,"column":10},"skip":true},"51":{"start":{"line":187,"column":12},"end":{"line":187,"column":94},"skip":true},"52":{"start":{"line":188,"column":12},"end":{"line":188,"column":48},"skip":true},"53":{"start":{"line":192,"column":8},"end":{"line":192,"column":35},"skip":true},"54":{"start":{"line":193,"column":8},"end":{"line":193,"column":14},"skip":true}},"branchMap":{"1":{"line":25,"type":"binary-expr","locations":[{"start":{"line":25,"column":23},"end":{"line":25,"column":62}},{"start":{"line":26,"column":20},"end":{"line":26,"column":70}},{"start":{"line":27,"column":20},"end":{"line":27,"column":71}},{"start":{"line":28,"column":20},"end":{"line":28,"column":29}}]},"2":{"line":30,"type":"binary-expr","locations":[{"start":{"line":30,"column":23},"end":{"line":30,"column":37}},{"start":{"line":31,"column":20},"end":{"line":31,"column":61}},{"start":{"line":32,"column":20},"end":{"line":32,"column":70}},{"start":{"line":33,"column":20},"end":{"line":33,"column":26}}]},"3":{"line":37,"type":"cond-expr","locations":[{"start":{"line":38,"column":14},"end":{"line":38,"column":20}},{"start":{"line":39,"column":14},"end":{"line":39,"column":20}}]},"4":{"line":40,"type":"switch","locations":[{"start":{"line":42,"column":8},"end":{"line":47,"column":18}},{"start":{"line":49,"column":8},"end":{"line":52,"column":18}}]},"5":{"line":44,"type":"binary-expr","locations":[{"start":{"line":44,"column":16},"end":{"line":44,"column":44}},{"start":{"line":44,"column":48},"end":{"line":44,"column":66}}]},"6":{"line":50,"type":"binary-expr","locations":[{"start":{"line":50,"column":21},"end":{"line":50,"column":49}},{"start":{"line":50,"column":53},"end":{"line":50,"column":72}}]},"7":{"line":64,"type":"switch","locations":[{"start":{"line":69,"column":4},"end":{"line":70,"column":14}},{"start":{"line":75,"column":4},"end":{"line":76,"column":14}}]},"8":{"line":85,"type":"switch","locations":[{"start":{"line":90,"column":4},"end":{"line":105,"column":14}},{"start":{"line":111,"column":4},"end":{"line":193,"column":14},"skip":true}]},"9":{"line":91,"type":"binary-expr","locations":[{"start":{"line":91,"column":42},"end":{"line":91,"column":73}},{"start":{"line":91,"column":77},"end":{"line":99,"column":9}}]},"10":{"line":102,"type":"binary-expr","locations":[{"start":{"line":102,"column":18},"end":{"line":102,"column":32}},{"start":{"line":103,"column":12},"end":{"line":103,"column":53}},{"start":{"line":104,"column":12},"end":{"line":104,"column":61}}]},"11":{"line":112,"type":"binary-expr","locations":[{"start":{"line":112,"column":45},"end":{"line":112,"column":79},"skip":true},{"start":{"line":112,"column":83},"end":{"line":121,"column":9},"skip":true}]},"12":{"line":123,"type":"binary-expr","locations":[{"start":{"line":123,"column":42},"end":{"line":123,"column":73},"skip":true},{"start":{"line":123,"column":77},"end":{"line":136,"column":9},"skip":true}]},"13":{"line":138,"type":"binary-expr","locations":[{"start":{"line":138,"column":48},"end":{"line":138,"column":85},"skip":true},{"start":{"line":139,"column":12},"end":{"line":145,"column":13},"skip":true}]},"14":{"line":147,"type":"binary-expr","locations":[{"start":{"line":147,"column":42},"end":{"line":147,"column":73},"skip":true},{"start":{"line":147,"column":77},"end":{"line":156,"column":9},"skip":true}]},"15":{"line":158,"type":"binary-expr","locations":[{"start":{"line":158,"column":45},"end":{"line":158,"column":79},"skip":true},{"start":{"line":158,"column":83},"end":{"line":167,"column":9},"skip":true}]},"16":{"line":169,"type":"binary-expr","locations":[{"start":{"line":169,"column":43},"end":{"line":169,"column":75},"skip":true},{"start":{"line":169,"column":79},"end":{"line":178,"column":9},"skip":true}]},"17":{"line":180,"type":"binary-expr","locations":[{"start":{"line":180,"column":41},"end":{"line":180,"column":71},"skip":true},{"start":{"line":180,"column":75},"end":{"line":189,"column":9},"skip":true}]}},"code":["/* istanbul instrument in package npmtest_depcheck */","/*jslint","    bitwise: true,","    browser: true,","    maxerr: 8,","    maxlen: 96,","    node: true,","    nomen: true,","    regexp: true,","    stupid: true","*/","(function () {","    'use strict';","    var local;","","","","    // run shared js-env code - pre-init","    (function () {","        // init local","        local = {};","        // init modeJs","        local.modeJs = (function () {","            try {","                return typeof navigator.userAgent === 'string' &&","                    typeof document.querySelector('body') === 'object' &&","                    typeof XMLHttpRequest.prototype.open === 'function' &&","                    'browser';","            } catch (errorCaughtBrowser) {","                return module.exports &&","                    typeof process.versions.node === 'string' &&","                    typeof require('http').createServer === 'function' &&","                    'node';","            }","        }());","        // init global","        local.global = local.modeJs === 'browser'","            ? window","            : global;","        switch (local.modeJs) {","        // re-init local from window.local","        case 'browser':","            local = local.global.utility2.objectSetDefault(","                local.global.utility2_rollup || local.global.local,","                local.global.utility2","            );","            break;","        // re-init local from example.js","        case 'node':","            local = (local.global.utility2_rollup || require('utility2'))","                .requireExampleJsFromReadme();","            break;","        }","        // export local","        local.global.local = local;","    }());","","","","    // run shared js-env code - function","    (function () {","        return;","    }());","    switch (local.modeJs) {","","","","    // run browser js-env code - function","    case 'browser':","        break;","","","","    // run node js-env code - function","    case 'node':","        break;","    }","","","","    // run shared js-env code - post-init","    (function () {","        return;","    }());","    switch (local.modeJs) {","","","","    // run browser js-env code - post-init","    case 'browser':","        local.testCase_browser_nullCase = local.testCase_browser_nullCase || function (","            options,","            onError","        ) {","        /*","         * this function will test browsers's null-case handling-behavior-behavior","         */","            onError(null, options);","        };","","        // run tests","        local.nop(local.modeTest &&","            document.querySelector('#testRunButton1') &&","            document.querySelector('#testRunButton1').click());","        break;","","","","    // run node js-env code - post-init","    /* istanbul ignore next */","    case 'node':","        local.testCase_buildApidoc_default = local.testCase_buildApidoc_default || function (","            options,","            onError","        ) {","        /*","         * this function will test buildApidoc's default handling-behavior-behavior","         */","            options = { modulePathList: module.paths };","            local.buildApidoc(options, onError);","        };","","        local.testCase_buildApp_default = local.testCase_buildApp_default || function (","            options,","            onError","        ) {","        /*","         * this function will test buildApp's default handling-behavior-behavior","         */","            local.testCase_buildReadme_default(options, local.onErrorThrow);","            local.testCase_buildLib_default(options, local.onErrorThrow);","            local.testCase_buildTest_default(options, local.onErrorThrow);","            local.testCase_buildCustomOrg_default(options, local.onErrorThrow);","            options = [];","            local.buildApp(options, onError);","        };","","        local.testCase_buildCustomOrg_default = local.testCase_buildCustomOrg_default ||","            function (options, onError) {","            /*","             * this function will test buildCustomOrg's default handling-behavior","             */","                options = {};","                local.buildCustomOrg(options, onError);","            };","","        local.testCase_buildLib_default = local.testCase_buildLib_default || function (","            options,","            onError","        ) {","        /*","         * this function will test buildLib's default handling-behavior","         */","            options = {};","            local.buildLib(options, onError);","        };","","        local.testCase_buildReadme_default = local.testCase_buildReadme_default || function (","            options,","            onError","        ) {","        /*","         * this function will test buildReadme's default handling-behavior-behavior","         */","            options = {};","            local.buildReadme(options, onError);","        };","","        local.testCase_buildTest_default = local.testCase_buildTest_default || function (","            options,","            onError","        ) {","        /*","         * this function will test buildTest's default handling-behavior","         */","            options = {};","            local.buildTest(options, onError);","        };","","        local.testCase_webpage_default = local.testCase_webpage_default || function (","            options,","            onError","        ) {","        /*","         * this function will test webpage's default handling-behavior","         */","            options = { modeCoverageMerge: true, url: local.serverLocalHost + '?modeTest=1' };","            local.browserTest(options, onError);","        };","","        // run test-server","        local.testRunServer(local);","        break;","    }","}());",""],"l":{"12":2,"14":2,"19":2,"21":2,"23":2,"24":2,"25":2,"30":1,"37":2,"40":2,"43":1,"47":1,"50":1,"52":1,"55":2,"61":2,"62":2,"64":2,"70":1,"76":1,"82":2,"83":2,"85":2,"91":1,"98":1,"102":1,"105":1,"112":1,"119":1,"120":1,"123":1,"130":1,"131":1,"132":1,"133":1,"134":1,"135":1,"138":1,"143":2,"144":2,"147":1,"154":2,"155":2,"158":1,"165":2,"166":2,"169":1,"176":2,"177":2,"180":1,"187":1,"188":1,"192":1,"193":1}},"/home/travis/build/npmtest/node-npmtest-depcheck/lib.npmtest_depcheck.js":{"path":"/home/travis/build/npmtest/node-npmtest-depcheck/lib.npmtest_depcheck.js","s":{"1":2,"2":2,"3":2,"4":2,"5":2,"6":2,"7":2,"8":1,"9":2,"10":2,"11":2,"12":2,"13":1,"14":1,"15":1,"16":1},"b":{"1":[2,1,1,1],"2":[1,1,1,1],"3":[1,1],"4":[2,2],"5":[1,1]},"f":{"1":2,"2":2,"3":2},"fnMap":{"1":{"name":"(anonymous_1)","line":12,"loc":{"start":{"line":12,"column":1},"end":{"line":12,"column":13}}},"2":{"name":"(anonymous_2)","line":19,"loc":{"start":{"line":19,"column":5},"end":{"line":19,"column":17}}},"3":{"name":"(anonymous_3)","line":23,"loc":{"start":{"line":23,"column":24},"end":{"line":23,"column":36}}}},"statementMap":{"1":{"start":{"line":12,"column":0},"end":{"line":53,"column":5}},"2":{"start":{"line":14,"column":4},"end":{"line":14,"column":14}},"3":{"start":{"line":19,"column":4},"end":{"line":52,"column":9}},"4":{"start":{"line":21,"column":8},"end":{"line":21,"column":19}},"5":{"start":{"line":23,"column":8},"end":{"line":35,"column":13}},"6":{"start":{"line":24,"column":12},"end":{"line":34,"column":13}},"7":{"start":{"line":25,"column":16},"end":{"line":28,"column":30}},"8":{"start":{"line":30,"column":16},"end":{"line":33,"column":27}},"9":{"start":{"line":37,"column":8},"end":{"line":39,"column":21}},"10":{"start":{"line":41,"column":8},"end":{"line":41,"column":54}},"11":{"start":{"line":43,"column":8},"end":{"line":43,"column":53}},"12":{"start":{"line":45,"column":8},"end":{"line":51,"column":9}},"13":{"start":{"line":46,"column":12},"end":{"line":46,"column":59}},"14":{"start":{"line":48,"column":12},"end":{"line":48,"column":35}},"15":{"start":{"line":49,"column":12},"end":{"line":49,"column":49}},"16":{"start":{"line":50,"column":12},"end":{"line":50,"column":43}}},"branchMap":{"1":{"line":25,"type":"binary-expr","locations":[{"start":{"line":25,"column":23},"end":{"line":25,"column":62}},{"start":{"line":26,"column":20},"end":{"line":26,"column":70}},{"start":{"line":27,"column":20},"end":{"line":27,"column":71}},{"start":{"line":28,"column":20},"end":{"line":28,"column":29}}]},"2":{"line":30,"type":"binary-expr","locations":[{"start":{"line":30,"column":23},"end":{"line":30,"column":37}},{"start":{"line":31,"column":20},"end":{"line":31,"column":61}},{"start":{"line":32,"column":20},"end":{"line":32,"column":70}},{"start":{"line":33,"column":20},"end":{"line":33,"column":26}}]},"3":{"line":37,"type":"cond-expr","locations":[{"start":{"line":38,"column":14},"end":{"line":38,"column":20}},{"start":{"line":39,"column":14},"end":{"line":39,"column":20}}]},"4":{"line":41,"type":"binary-expr","locations":[{"start":{"line":41,"column":16},"end":{"line":41,"column":44}},{"start":{"line":41,"column":48},"end":{"line":41,"column":53}}]},"5":{"line":45,"type":"if","locations":[{"start":{"line":45,"column":8},"end":{"line":45,"column":8}},{"start":{"line":45,"column":8},"end":{"line":45,"column":8}}]}},"code":["/* istanbul instrument in package npmtest_depcheck */","/*jslint","    bitwise: true,","    browser: true,","    maxerr: 8,","    maxlen: 96,","    node: true,","    nomen: true,","    regexp: true,","    stupid: true","*/","(function () {","    'use strict';","    var local;","","","","    // run shared js-env code - pre-init","    (function () {","        // init local","        local = {};","        // init modeJs","        local.modeJs = (function () {","            try {","                return typeof navigator.userAgent === 'string' &&","                    typeof document.querySelector('body') === 'object' &&","                    typeof XMLHttpRequest.prototype.open === 'function' &&","                    'browser';","            } catch (errorCaughtBrowser) {","                return module.exports &&","                    typeof process.versions.node === 'string' &&","                    typeof require('http').createServer === 'function' &&","                    'node';","            }","        }());","        // init global","        local.global = local.modeJs === 'browser'","            ? window","            : global;","        // init utility2_rollup","        local = local.global.utility2_rollup || local;","        // init lib","        local.local = local.npmtest_depcheck = local;","        // init exports","        if (local.modeJs === 'browser') {","            local.global.utility2_npmtest_depcheck = local;","        } else {","            module.exports = local;","            module.exports.__dirname = __dirname;","            module.exports.module = module;","        }","    }());","}());",""],"l":{"12":2,"14":2,"19":2,"21":2,"23":2,"24":2,"25":2,"30":1,"37":2,"41":2,"43":2,"45":2,"46":1,"48":1,"49":1,"50":1}},"/home/travis/build/npmtest/node-npmtest-depcheck/example.js":{"path":"/home/travis/build/npmtest/node-npmtest-depcheck/example.js","s":{"1":2,"2":2,"3":2,"4":2,"5":2,"6":2,"7":2,"8":1,"9":2,"10":2,"11":2,"12":2,"13":1,"14":2,"15":2,"16":2,"17":2,"18":2,"19":0,"20":2,"21":1,"22":1,"23":1,"24":1,"25":1,"26":0,"27":0,"28":1,"29":1,"30":2,"31":0,"32":0,"33":0,"34":1,"35":2,"36":2,"37":3,"38":3,"39":3,"40":3,"41":0,"42":3,"43":3,"44":3,"45":1,"46":3,"47":1,"48":1,"49":1,"50":1,"51":1,"52":1,"53":1,"54":1,"55":1,"56":1,"57":0,"58":1,"59":6,"60":6,"61":1,"62":2,"63":0,"64":2,"65":1,"66":1,"67":0,"68":0,"69":0,"70":0,"71":0,"72":0,"73":0,"74":0,"75":0,"76":0,"77":0,"78":0,"79":0,"80":0,"81":0,"82":0,"83":0},"b":{"1":[2,1,1,1],"2":[1,1,1,1],"3":[1,1],"4":[2,2],"5":[1,1],"6":[1,1],"7":[2,0],"8":[2,1,1,1,1,1],"9":[0,2,0],"10":[1,1],"11":[2,1,1],"12":[1,0],"13":[0,2],"14":[2,0,0,0,0,0,0],"15":[0,3],"16":[3,0],"17":[1,1],"18":[0,1],"19":[1,2,0,2],"20":[1,0],"21":[1,1],"22":[0,0],"23":[0,0],"24":[0,0],"25":[0,0],"26":[0,0],"27":[0,0],"28":[0,0]},"f":{"1":2,"2":2,"3":2,"4":2,"5":2,"6":2,"7":3,"8":3,"9":3,"10":1,"11":6,"12":0},"fnMap":{"1":{"name":"(anonymous_1)","line":26,"loc":{"start":{"line":26,"column":1},"end":{"line":26,"column":13}}},"2":{"name":"(anonymous_2)","line":33,"loc":{"start":{"line":33,"column":5},"end":{"line":33,"column":17}}},"3":{"name":"(anonymous_3)","line":37,"loc":{"start":{"line":37,"column":24},"end":{"line":37,"column":36}}},"4":{"name":"(anonymous_4)","line":69,"loc":{"start":{"line":69,"column":31},"end":{"line":69,"column":48}},"skip":true},"5":{"name":"(anonymous_5)","line":78,"loc":{"start":{"line":78,"column":26},"end":{"line":78,"column":45}},"skip":true},"6":{"name":"(anonymous_6)","line":123,"loc":{"start":{"line":123,"column":33},"end":{"line":123,"column":48}},"skip":true},"7":{"name":"(anonymous_7)","line":125,"loc":{"start":{"line":125,"column":27},"end":{"line":125,"column":39}},"skip":true},"8":{"name":"(anonymous_8)","line":133,"loc":{"start":{"line":133,"column":59},"end":{"line":133,"column":74}},"skip":true},"9":{"name":"(anonymous_9)","line":143,"loc":{"start":{"line":143,"column":45},"end":{"line":143,"column":62}},"skip":true},"10":{"name":"(anonymous_10)","line":144,"loc":{"start":{"line":144,"column":73},"end":{"line":144,"column":92}},"skip":true},"11":{"name":"(anonymous_11)","line":272,"loc":{"start":{"line":272,"column":51},"end":{"line":272,"column":77}},"skip":true},"12":{"name":"(anonymous_12)","line":315,"loc":{"start":{"line":315,"column":32},"end":{"line":315,"column":61}},"skip":true}},"statementMap":{"1":{"start":{"line":26,"column":0},"end":{"line":326,"column":5}},"2":{"start":{"line":28,"column":4},"end":{"line":28,"column":14}},"3":{"start":{"line":33,"column":4},"end":{"line":60,"column":9}},"4":{"start":{"line":35,"column":8},"end":{"line":35,"column":19}},"5":{"start":{"line":37,"column":8},"end":{"line":49,"column":13}},"6":{"start":{"line":38,"column":12},"end":{"line":48,"column":13}},"7":{"start":{"line":39,"column":16},"end":{"line":42,"column":30}},"8":{"start":{"line":44,"column":16},"end":{"line":47,"column":27}},"9":{"start":{"line":51,"column":8},"end":{"line":53,"column":21}},"10":{"start":{"line":55,"column":8},"end":{"line":57,"column":45}},"11":{"start":{"line":59,"column":8},"end":{"line":59,"column":35}},"12":{"start":{"line":61,"column":4},"end":{"line":325,"column":5}},"13":{"start":{"line":69,"column":8},"end":{"line":121,"column":10},"skip":true},"14":{"start":{"line":70,"column":12},"end":{"line":88,"column":13},"skip":true},"15":{"start":{"line":76,"column":16},"end":{"line":87,"column":19},"skip":true},"16":{"start":{"line":79,"column":20},"end":{"line":86,"column":21},"skip":true},"17":{"start":{"line":82,"column":24},"end":{"line":82,"column":43},"skip":true},"18":{"start":{"line":83,"column":24},"end":{"line":83,"column":30},"skip":true},"19":{"start":{"line":85,"column":24},"end":{"line":85,"column":49},"skip":true},"20":{"start":{"line":89,"column":12},"end":{"line":107,"column":13},"skip":true},"21":{"start":{"line":92,"column":16},"end":{"line":102,"column":17},"skip":true},"22":{"start":{"line":93,"column":20},"end":{"line":93,"column":86},"skip":true},"23":{"start":{"line":94,"column":20},"end":{"line":95,"column":45},"skip":true},"24":{"start":{"line":96,"column":20},"end":{"line":96,"column":42},"skip":true},"25":{"start":{"line":97,"column":20},"end":{"line":97,"column":48},"skip":true},"26":{"start":{"line":100,"column":20},"end":{"line":100,"column":85},"skip":true},"27":{"start":{"line":101,"column":20},"end":{"line":101,"column":96},"skip":true},"28":{"start":{"line":103,"column":16},"end":{"line":103,"column":22},"skip":true},"29":{"start":{"line":106,"column":16},"end":{"line":106,"column":22},"skip":true},"30":{"start":{"line":108,"column":12},"end":{"line":120,"column":13},"skip":true},"31":{"start":{"line":114,"column":16},"end":{"line":119,"column":17},"skip":true},"32":{"start":{"line":116,"column":20},"end":{"line":116,"column":78},"skip":true},"33":{"start":{"line":118,"column":20},"end":{"line":118,"column":47},"skip":true},"34":{"start":{"line":123,"column":8},"end":{"line":141,"column":11},"skip":true},"35":{"start":{"line":124,"column":12},"end":{"line":124,"column":54},"skip":true},"36":{"start":{"line":125,"column":12},"end":{"line":140,"column":14},"skip":true},"37":{"start":{"line":126,"column":16},"end":{"line":126,"column":28},"skip":true},"38":{"start":{"line":127,"column":16},"end":{"line":127,"column":69},"skip":true},"39":{"start":{"line":128,"column":16},"end":{"line":128,"column":75},"skip":true},"40":{"start":{"line":129,"column":16},"end":{"line":131,"column":17},"skip":true},"41":{"start":{"line":130,"column":20},"end":{"line":130,"column":27},"skip":true},"42":{"start":{"line":133,"column":16},"end":{"line":137,"column":36},"skip":true},"43":{"start":{"line":134,"column":20},"end":{"line":136,"column":55},"skip":true},"44":{"start":{"line":139,"column":16},"end":{"line":139,"column":57},"skip":true},"45":{"start":{"line":143,"column":8},"end":{"line":147,"column":11},"skip":true},"46":{"start":{"line":144,"column":12},"end":{"line":146,"column":15},"skip":true},"47":{"start":{"line":145,"column":16},"end":{"line":145,"column":70},"skip":true},"48":{"start":{"line":149,"column":8},"end":{"line":149,"column":31},"skip":true},"49":{"start":{"line":150,"column":8},"end":{"line":150,"column":14},"skip":true},"50":{"start":{"line":158,"column":8},"end":{"line":158,"column":31},"skip":true},"51":{"start":{"line":160,"column":8},"end":{"line":160,"column":33},"skip":true},"52":{"start":{"line":161,"column":8},"end":{"line":161,"column":37},"skip":true},"53":{"start":{"line":162,"column":8},"end":{"line":162,"column":35},"skip":true},"54":{"start":{"line":164,"column":8},"end":{"line":164,"column":50},"skip":true},"55":{"start":{"line":166,"column":8},"end":{"line":256,"column":2},"skip":true},"56":{"start":{"line":258,"column":8},"end":{"line":286,"column":9},"skip":true},"57":{"start":{"line":259,"column":12},"end":{"line":269,"column":14},"skip":true},"58":{"start":{"line":271,"column":12},"end":{"line":285,"column":19},"skip":true},"59":{"start":{"line":274,"column":20},"end":{"line":274,"column":35},"skip":true},"60":{"start":{"line":275,"column":20},"end":{"line":284,"column":21},"skip":true},"61":{"start":{"line":277,"column":24},"end":{"line":277,"column":64},"skip":true},"62":{"start":{"line":279,"column":24},"end":{"line":279,"column":40},"skip":true},"63":{"start":{"line":281,"column":24},"end":{"line":281,"column":40},"skip":true},"64":{"start":{"line":283,"column":24},"end":{"line":283,"column":39},"skip":true},"65":{"start":{"line":288,"column":8},"end":{"line":290,"column":9},"skip":true},"66":{"start":{"line":289,"column":12},"end":{"line":289,"column":18},"skip":true},"67":{"start":{"line":291,"column":8},"end":{"line":293,"column":54},"skip":true},"68":{"start":{"line":296,"column":8},"end":{"line":301,"column":37},"skip":true},"69":{"start":{"line":303,"column":8},"end":{"line":303,"column":82},"skip":true},"70":{"start":{"line":306,"column":8},"end":{"line":308,"column":9},"skip":true},"71":{"start":{"line":307,"column":12},"end":{"line":307,"column":82},"skip":true},"72":{"start":{"line":310,"column":8},"end":{"line":312,"column":9},"skip":true},"73":{"start":{"line":311,"column":12},"end":{"line":311,"column":18},"skip":true},"74":{"start":{"line":313,"column":8},"end":{"line":313,"column":54},"skip":true},"75":{"start":{"line":314,"column":8},"end":{"line":314,"column":69},"skip":true},"76":{"start":{"line":315,"column":8},"end":{"line":323,"column":36},"skip":true},"77":{"start":{"line":316,"column":12},"end":{"line":316,"column":61},"skip":true},"78":{"start":{"line":317,"column":12},"end":{"line":320,"column":13},"skip":true},"79":{"start":{"line":318,"column":16},"end":{"line":318,"column":75},"skip":true},"80":{"start":{"line":319,"column":16},"end":{"line":319,"column":23},"skip":true},"81":{"start":{"line":321,"column":12},"end":{"line":321,"column":38},"skip":true},"82":{"start":{"line":322,"column":12},"end":{"line":322,"column":27},"skip":true},"83":{"start":{"line":324,"column":8},"end":{"line":324,"column":14},"skip":true}},"branchMap":{"1":{"line":39,"type":"binary-expr","locations":[{"start":{"line":39,"column":23},"end":{"line":39,"column":62}},{"start":{"line":40,"column":20},"end":{"line":40,"column":70}},{"start":{"line":41,"column":20},"end":{"line":41,"column":71}},{"start":{"line":42,"column":20},"end":{"line":42,"column":29}}]},"2":{"line":44,"type":"binary-expr","locations":[{"start":{"line":44,"column":23},"end":{"line":44,"column":37}},{"start":{"line":45,"column":20},"end":{"line":45,"column":61}},{"start":{"line":46,"column":20},"end":{"line":46,"column":70}},{"start":{"line":47,"column":20},"end":{"line":47,"column":26}}]},"3":{"line":51,"type":"cond-expr","locations":[{"start":{"line":52,"column":14},"end":{"line":52,"column":20}},{"start":{"line":53,"column":14},"end":{"line":53,"column":20}}]},"4":{"line":55,"type":"binary-expr","locations":[{"start":{"line":55,"column":16},"end":{"line":55,"column":44}},{"start":{"line":55,"column":49},"end":{"line":57,"column":43}}]},"5":{"line":55,"type":"cond-expr","locations":[{"start":{"line":56,"column":14},"end":{"line":56,"column":52}},{"start":{"line":57,"column":14},"end":{"line":57,"column":43}}]},"6":{"line":61,"type":"switch","locations":[{"start":{"line":68,"column":4},"end":{"line":150,"column":14},"skip":true},{"start":{"line":156,"column":4},"end":{"line":324,"column":14},"skip":true}]},"7":{"line":70,"type":"if","locations":[{"start":{"line":70,"column":12},"end":{"line":70,"column":12},"skip":true},{"start":{"line":70,"column":12},"end":{"line":70,"column":12},"skip":true}]},"8":{"line":70,"type":"binary-expr","locations":[{"start":{"line":70,"column":16},"end":{"line":70,"column":22},"skip":true},{"start":{"line":70,"column":27},"end":{"line":70,"column":32},"skip":true},{"start":{"line":71,"column":20},"end":{"line":71,"column":39},"skip":true},{"start":{"line":72,"column":20},"end":{"line":72,"column":49},"skip":true},{"start":{"line":73,"column":20},"end":{"line":73,"column":58},"skip":true},{"start":{"line":74,"column":20},"end":{"line":74,"column":69},"skip":true}]},"9":{"line":79,"type":"switch","locations":[{"start":{"line":80,"column":20},"end":{"line":80,"column":33},"skip":true},{"start":{"line":81,"column":20},"end":{"line":83,"column":30},"skip":true},{"start":{"line":84,"column":20},"end":{"line":85,"column":49},"skip":true}]},"10":{"line":89,"type":"switch","locations":[{"start":{"line":90,"column":12},"end":{"line":103,"column":22},"skip":true},{"start":{"line":105,"column":12},"end":{"line":106,"column":22},"skip":true}]},"11":{"line":89,"type":"binary-expr","locations":[{"start":{"line":89,"column":20},"end":{"line":89,"column":25},"skip":true},{"start":{"line":89,"column":29},"end":{"line":89,"column":48},"skip":true},{"start":{"line":89,"column":52},"end":{"line":89,"column":74},"skip":true}]},"12":{"line":92,"type":"if","locations":[{"start":{"line":92,"column":16},"end":{"line":92,"column":16},"skip":true},{"start":{"line":92,"column":16},"end":{"line":92,"column":16},"skip":true}]},"13":{"line":108,"type":"if","locations":[{"start":{"line":108,"column":12},"end":{"line":108,"column":12},"skip":true},{"start":{"line":108,"column":12},"end":{"line":108,"column":12},"skip":true}]},"14":{"line":108,"type":"binary-expr","locations":[{"start":{"line":108,"column":16},"end":{"line":108,"column":61},"skip":true},{"start":{"line":108,"column":66},"end":{"line":108,"column":72},"skip":true},{"start":{"line":108,"column":77},"end":{"line":108,"column":82},"skip":true},{"start":{"line":109,"column":20},"end":{"line":109,"column":39},"skip":true},{"start":{"line":110,"column":20},"end":{"line":110,"column":49},"skip":true},{"start":{"line":111,"column":20},"end":{"line":111,"column":58},"skip":true},{"start":{"line":112,"column":20},"end":{"line":112,"column":68},"skip":true}]},"15":{"line":129,"type":"if","locations":[{"start":{"line":129,"column":16},"end":{"line":129,"column":16},"skip":true},{"start":{"line":129,"column":16},"end":{"line":129,"column":16},"skip":true}]},"16":{"line":134,"type":"cond-expr","locations":[{"start":{"line":135,"column":26},"end":{"line":135,"column":29},"skip":true},{"start":{"line":136,"column":26},"end":{"line":136,"column":54},"skip":true}]},"17":{"line":164,"type":"binary-expr","locations":[{"start":{"line":164,"column":27},"end":{"line":164,"column":43},"skip":true},{"start":{"line":164,"column":47},"end":{"line":164,"column":49},"skip":true}]},"18":{"line":258,"type":"if","locations":[{"start":{"line":258,"column":8},"end":{"line":258,"column":8},"skip":true},{"start":{"line":258,"column":8},"end":{"line":258,"column":8},"skip":true}]},"19":{"line":275,"type":"switch","locations":[{"start":{"line":276,"column":20},"end":{"line":277,"column":64},"skip":true},{"start":{"line":278,"column":20},"end":{"line":279,"column":40},"skip":true},{"start":{"line":280,"column":20},"end":{"line":281,"column":40},"skip":true},{"start":{"line":282,"column":20},"end":{"line":283,"column":39},"skip":true}]},"20":{"line":288,"type":"if","locations":[{"start":{"line":288,"column":8},"end":{"line":288,"column":8},"skip":true},{"start":{"line":288,"column":8},"end":{"line":288,"column":8},"skip":true}]},"21":{"line":288,"type":"binary-expr","locations":[{"start":{"line":288,"column":12},"end":{"line":288,"column":40},"skip":true},{"start":{"line":288,"column":44},"end":{"line":288,"column":67},"skip":true}]},"22":{"line":292,"type":"binary-expr","locations":[{"start":{"line":292,"column":12},"end":{"line":292,"column":50},"skip":true},{"start":{"line":293,"column":12},"end":{"line":293,"column":53},"skip":true}]},"23":{"line":297,"type":"binary-expr","locations":[{"start":{"line":297,"column":12},"end":{"line":297,"column":66},"skip":true},{"start":{"line":298,"column":12},"end":{"line":301,"column":36},"skip":true}]},"24":{"line":303,"type":"binary-expr","locations":[{"start":{"line":303,"column":43},"end":{"line":303,"column":75},"skip":true},{"start":{"line":303,"column":79},"end":{"line":303,"column":81},"skip":true}]},"25":{"line":306,"type":"if","locations":[{"start":{"line":306,"column":8},"end":{"line":306,"column":8},"skip":true},{"start":{"line":306,"column":8},"end":{"line":306,"column":8},"skip":true}]},"26":{"line":310,"type":"if","locations":[{"start":{"line":310,"column":8},"end":{"line":310,"column":8},"skip":true},{"start":{"line":310,"column":8},"end":{"line":310,"column":8},"skip":true}]},"27":{"line":313,"type":"binary-expr","locations":[{"start":{"line":313,"column":27},"end":{"line":313,"column":43},"skip":true},{"start":{"line":313,"column":47},"end":{"line":313,"column":53},"skip":true}]},"28":{"line":317,"type":"if","locations":[{"start":{"line":317,"column":12},"end":{"line":317,"column":12},"skip":true},{"start":{"line":317,"column":12},"end":{"line":317,"column":12},"skip":true}]}},"code":["/*","example.js","","quickstart example","","instruction","    1. save this script as example.js","    2. run the shell command:","        $ npm install npmtest-depcheck && PORT=8081 node example.js","    3. play with the browser-demo on http://127.0.0.1:8081","*/","","","","/* istanbul instrument in package npmtest_depcheck */","/*jslint","    bitwise: true,","    browser: true,","    maxerr: 8,","    maxlen: 96,","    node: true,","    nomen: true,","    regexp: true,","    stupid: true","*/","(function () {","    'use strict';","    var local;","","","","    // run shared js-env code - pre-init","    (function () {","        // init local","        local = {};","        // init modeJs","        local.modeJs = (function () {","            try {","                return typeof navigator.userAgent === 'string' &&","                    typeof document.querySelector('body') === 'object' &&","                    typeof XMLHttpRequest.prototype.open === 'function' &&","                    'browser';","            } catch (errorCaughtBrowser) {","                return module.exports &&","                    typeof process.versions.node === 'string' &&","                    typeof require('http').createServer === 'function' &&","                    'node';","            }","        }());","        // init global","        local.global = local.modeJs === 'browser'","            ? window","            : global;","        // init utility2_rollup","        local = local.global.utility2_rollup || (local.modeJs === 'browser'","            ? local.global.utility2_npmtest_depcheck","            : global.utility2_moduleExports);","        // export local","        local.global.local = local;","    }());","    switch (local.modeJs) {","","","","    // post-init","    // run browser js-env code - post-init","    /* istanbul ignore next */","    case 'browser':","        local.testRunBrowser = function (event) {","            if (!event || (event &&","                    event.currentTarget &&","                    event.currentTarget.className &&","                    event.currentTarget.className.includes &&","                    event.currentTarget.className.includes('onreset'))) {","                // reset output","                Array.from(","                    document.querySelectorAll('body > .resettable')","                ).forEach(function (element) {","                    switch (element.tagName) {","                    case 'INPUT':","                    case 'TEXTAREA':","                        element.value = '';","                        break;","                    default:","                        element.textContent = '';","                    }","                });","            }","            switch (event && event.currentTarget && event.currentTarget.id) {","            case 'testRunButton1':","                // show tests","                if (document.querySelector('#testReportDiv1').style.display === 'none') {","                    document.querySelector('#testReportDiv1').style.display = 'block';","                    document.querySelector('#testRunButton1').textContent =","                        'hide internal test';","                    local.modeTest = true;","                    local.testRunDefault(local);","                // hide tests","                } else {","                    document.querySelector('#testReportDiv1').style.display = 'none';","                    document.querySelector('#testRunButton1').textContent = 'run internal test';","                }","                break;","            // custom-case","            default:","                break;","            }","            if (document.querySelector('#inputTextareaEval1') && (!event || (event &&","                    event.currentTarget &&","                    event.currentTarget.className &&","                    event.currentTarget.className.includes &&","                    event.currentTarget.className.includes('oneval')))) {","                // try to eval input-code","                try {","                    /*jslint evil: true*/","                    eval(document.querySelector('#inputTextareaEval1').value);","                } catch (errorCaught) {","                    console.error(errorCaught);","                }","            }","        };","        // log stderr and stdout to #outputTextareaStdout1","        ['error', 'log'].forEach(function (key) {","            console[key + '_original'] = console[key];","            console[key] = function () {","                var element;","                console[key + '_original'].apply(console, arguments);","                element = document.querySelector('#outputTextareaStdout1');","                if (!element) {","                    return;","                }","                // append text to #outputTextareaStdout1","                element.value += Array.from(arguments).map(function (arg) {","                    return typeof arg === 'string'","                        ? arg","                        : JSON.stringify(arg, null, 4);","                }).join(' ') + '\\n';","                // scroll textarea to bottom","                element.scrollTop = element.scrollHeight;","            };","        });","        // init event-handling","        ['change', 'click', 'keyup'].forEach(function (event) {","            Array.from(document.querySelectorAll('.on' + event)).forEach(function (element) {","                element.addEventListener(event, local.testRunBrowser);","            });","        });","        // run tests","        local.testRunBrowser();","        break;","","","","    // run node js-env code - post-init","    /* istanbul ignore next */","    case 'node':","        // export local","        module.exports = local;","        // require modules","        local.fs = require('fs');","        local.http = require('http');","        local.url = require('url');","        // init assets","        local.assetsDict = local.assetsDict || {};","        /* jslint-ignore-begin */","        local.assetsDict['/assets.index.template.html'] = '\\","<!doctype html>\\n\\","<html lang=\"en\">\\n\\","<head>\\n\\","<meta charset=\"UTF-8\">\\n\\","<meta name=\"viewport\" content=\"width=device-width, initial-scale=1\">\\n\\","<title>{{env.npm_package_name}} (v{{env.npm_package_version}})</title>\\n\\","<style>\\n\\","/*csslint\\n\\","    box-sizing: false,\\n\\","    universal-selector: false\\n\\","*/\\n\\","* {\\n\\","    box-sizing: border-box;\\n\\","}\\n\\","body {\\n\\","    background: #dde;\\n\\","    font-family: Arial, Helvetica, sans-serif;\\n\\","    margin: 2rem;\\n\\","}\\n\\","body > * {\\n\\","    margin-bottom: 1rem;\\n\\","}\\n\\",".utility2FooterDiv {\\n\\","    margin-top: 20px;\\n\\","    text-align: center;\\n\\","}\\n\\","</style>\\n\\","<style>\\n\\","/*csslint\\n\\","*/\\n\\","textarea {\\n\\","    font-family: monospace;\\n\\","    height: 10rem;\\n\\","    width: 100%;\\n\\","}\\n\\","textarea[readonly] {\\n\\","    background: #ddd;\\n\\","}\\n\\","</style>\\n\\","</head>\\n\\","<body>\\n\\","<!-- utility2-comment\\n\\","<div id=\"ajaxProgressDiv1\" style=\"background: #d00; height: 2px; left: 0; margin: 0; padding: 0; position: fixed; top: 0; transition: background 0.5s, width 1.5s; width: 25%;\"></div>\\n\\","utility2-comment -->\\n\\","<h1>\\n\\","<!-- utility2-comment\\n\\","    <a\\n\\","        {{#if env.npm_package_homepage}}\\n\\","        href=\"{{env.npm_package_homepage}}\"\\n\\","        {{/if env.npm_package_homepage}}\\n\\","        target=\"_blank\"\\n\\","    >\\n\\","utility2-comment -->\\n\\","        {{env.npm_package_name}} (v{{env.npm_package_version}})\\n\\","<!-- utility2-comment\\n\\","    </a>\\n\\","utility2-comment -->\\n\\","</h1>\\n\\","<h3>{{env.npm_package_description}}</h3>\\n\\","<!-- utility2-comment\\n\\","<h4><a download href=\"assets.app.js\">download standalone app</a></h4>\\n\\","<button class=\"onclick onreset\" id=\"testRunButton1\">run internal test</button><br>\\n\\","<div id=\"testReportDiv1\" style=\"display: none;\"></div>\\n\\","utility2-comment -->\\n\\","\\n\\","\\n\\","\\n\\","<label>stderr and stdout</label>\\n\\","<textarea class=\"resettable\" id=\"outputTextareaStdout1\" readonly></textarea>\\n\\","<!-- utility2-comment\\n\\","{{#if isRollup}}\\n\\","<script src=\"assets.app.js\"></script>\\n\\","{{#unless isRollup}}\\n\\","utility2-comment -->\\n\\","<script src=\"assets.utility2.rollup.js\"></script>\\n\\","<script src=\"jsonp.utility2._stateInit?callback=window.utility2._stateInit\"></script>\\n\\","<script src=\"assets.npmtest_depcheck.rollup.js\"></script>\\n\\","<script src=\"assets.example.js\"></script>\\n\\","<script src=\"assets.test.js\"></script>\\n\\","<!-- utility2-comment\\n\\","{{/if isRollup}}\\n\\","utility2-comment -->\\n\\","<div class=\"utility2FooterDiv\">\\n\\","    [ this app was created with\\n\\","    <a href=\"https://github.com/kaizhu256/node-utility2\" target=\"_blank\">utility2</a>\\n\\","    ]\\n\\","</div>\\n\\","</body>\\n\\","</html>\\n\\","';","        /* jslint-ignore-end */","        if (local.templateRender) {","            local.assetsDict['/'] = local.templateRender(","                local.assetsDict['/assets.index.template.html'],","                {","                    env: local.objectSetDefault(local.env, {","                        npm_package_description: 'the greatest app in the world!',","                        npm_package_name: 'my-app',","                        npm_package_nameAlias: 'my_app',","                        npm_package_version: '0.0.1'","                    })","                }","            );","        } else {","            local.assetsDict['/'] = local.assetsDict['/assets.index.template.html']","                .replace((/\\{\\{env\\.(\\w+?)\\}\\}/g), function (match0, match1) {","                    // jslint-hack","                    String(match0);","                    switch (match1) {","                    case 'npm_package_description':","                        return 'the greatest app in the world!';","                    case 'npm_package_name':","                        return 'my-app';","                    case 'npm_package_nameAlias':","                        return 'my_app';","                    case 'npm_package_version':","                        return '0.0.1';","                    }","                });","        }","        // run the cli","        if (local.global.utility2_rollup || module !== require.main) {","            break;","        }","        local.assetsDict['/assets.example.js'] =","            local.assetsDict['/assets.example.js'] ||","            local.fs.readFileSync(__filename, 'utf8');","        // bug-workaround - long $npm_package_buildCustomOrg","        /* jslint-ignore-begin */","        local.assetsDict['/assets.npmtest_depcheck.rollup.js'] =","            local.assetsDict['/assets.npmtest_depcheck.rollup.js'] ||","            local.fs.readFileSync(","                local.npmtest_depcheck.__dirname + '/lib.npmtest_depcheck.js',","                'utf8'","            ).replace((/^#!/), '//');","        /* jslint-ignore-end */","        local.assetsDict['/favicon.ico'] = local.assetsDict['/favicon.ico'] || '';","        // if $npm_config_timeout_exit exists,","        // then exit this process after $npm_config_timeout_exit ms","        if (Number(process.env.npm_config_timeout_exit)) {","            setTimeout(process.exit, Number(process.env.npm_config_timeout_exit));","        }","        // start server","        if (local.global.utility2_serverHttp1) {","            break;","        }","        process.env.PORT = process.env.PORT || '8081';","        console.error('server starting on port ' + process.env.PORT);","        local.http.createServer(function (request, response) {","            request.urlParsed = local.url.parse(request.url);","            if (local.assetsDict[request.urlParsed.pathname] !== undefined) {","                response.end(local.assetsDict[request.urlParsed.pathname]);","                return;","            }","            response.statusCode = 404;","            response.end();","        }).listen(process.env.PORT);","        break;","    }","}());",""],"l":{"26":2,"28":2,"33":2,"35":2,"37":2,"38":2,"39":2,"44":1,"51":2,"55":2,"59":2,"61":2,"69":1,"70":2,"76":2,"79":2,"82":2,"83":2,"85":1,"89":2,"92":1,"93":1,"94":1,"96":1,"97":1,"100":1,"101":1,"103":1,"106":1,"108":2,"114":1,"116":1,"118":1,"123":1,"124":2,"125":2,"126":3,"127":3,"128":3,"129":3,"130":1,"133":3,"134":3,"139":3,"143":1,"144":3,"145":1,"149":1,"150":1,"158":1,"160":1,"161":1,"162":1,"164":1,"166":1,"258":1,"259":1,"271":1,"274":6,"275":6,"277":1,"279":2,"281":1,"283":2,"288":1,"289":1,"291":1,"296":1,"303":1,"306":1,"307":1,"310":1,"311":1,"313":1,"314":1,"315":1,"316":1,"317":1,"318":1,"319":1,"321":1,"322":1,"324":1}},"/home/travis/build/npmtest/node-npmtest-depcheck/node_modules/depcheck/dist/index.js":{"path":"/home/travis/build/npmtest/node-npmtest-depcheck/node_modules/depcheck/dist/index.js","s":{"1":1,"2":1,"3":0,"4":0,"5":0,"6":0,"7":0,"8":0,"9":1,"10":1,"11":1,"12":1,"13":1,"14":1,"15":1,"16":1,"17":1,"18":1,"19":1,"20":1,"21":4,"22":1,"23":0,"24":0,"25":1,"26":0,"27":0,"28":0,"29":0,"30":1,"31":0,"32":0,"33":1,"34":0,"35":0,"36":0,"37":0,"38":0,"39":0,"40":0,"41":0,"42":0,"43":0,"44":0,"45":0,"46":0,"47":0,"48":0,"49":0,"50":0,"51":0,"52":1,"53":1,"54":1,"55":1},"b":{"1":[1,0],"2":[0,0],"3":[0,4],"4":[4,4],"5":[0,0,0],"6":[0,0],"7":[0,0],"8":[0,0],"9":[0,0],"10":[0,0],"11":[0,0],"12":[0,0],"13":[0,0]},"f":{"1":0,"2":4,"3":0,"4":0,"5":0,"6":0,"7":0,"8":0,"9":0,"10":0},"fnMap":{"1":{"name":"(anonymous_1)","line":7,"loc":{"start":{"line":7,"column":32},"end":{"line":7,"column":50}}},"2":{"name":"_interopRequireDefault","line":31,"loc":{"start":{"line":31,"column":0},"end":{"line":31,"column":37}}},"3":{"name":"isIgnored","line":33,"loc":{"start":{"line":33,"column":0},"end":{"line":33,"column":46}}},"4":{"name":"hasBin","line":38,"loc":{"start":{"line":38,"column":0},"end":{"line":38,"column":37}}},"5":{"name":"filterDependencies","line":47,"loc":{"start":{"line":47,"column":0},"end":{"line":47,"column":84}}},"6":{"name":"(anonymous_6)","line":48,"loc":{"start":{"line":48,"column":59},"end":{"line":48,"column":74}}},"7":{"name":"depcheck","line":53,"loc":{"start":{"line":53,"column":0},"end":{"line":53,"column":46}}},"8":{"name":"getOption","line":54,"loc":{"start":{"line":54,"column":18},"end":{"line":54,"column":42}}},"9":{"name":"(anonymous_9)","line":64,"loc":{"start":{"line":64,"column":70},"end":{"line":64,"column":87}}},"10":{"name":"(anonymous_10)","line":85,"loc":{"start":{"line":85,"column":10},"end":{"line":85,"column":29}}}},"statementMap":{"1":{"start":{"line":3,"column":0},"end":{"line":5,"column":3}},"2":{"start":{"line":7,"column":0},"end":{"line":7,"column":257}},"3":{"start":{"line":7,"column":52},"end":{"line":7,"column":239}},"4":{"start":{"line":7,"column":97},"end":{"line":7,"column":123}},"5":{"start":{"line":7,"column":124},"end":{"line":7,"column":237}},"6":{"start":{"line":7,"column":150},"end":{"line":7,"column":235}},"7":{"start":{"line":7,"column":207},"end":{"line":7,"column":233}},"8":{"start":{"line":7,"column":240},"end":{"line":7,"column":254}},"9":{"start":{"line":9,"column":0},"end":{"line":9,"column":27}},"10":{"start":{"line":11,"column":0},"end":{"line":11,"column":28}},"11":{"start":{"line":13,"column":0},"end":{"line":13,"column":43}},"12":{"start":{"line":15,"column":0},"end":{"line":15,"column":32}},"13":{"start":{"line":17,"column":0},"end":{"line":17,"column":47}},"14":{"start":{"line":19,"column":0},"end":{"line":19,"column":38}},"15":{"start":{"line":21,"column":0},"end":{"line":21,"column":53}},"16":{"start":{"line":23,"column":0},"end":{"line":23,"column":32}},"17":{"start":{"line":25,"column":0},"end":{"line":25,"column":45}},"18":{"start":{"line":27,"column":0},"end":{"line":27,"column":32}},"19":{"start":{"line":29,"column":0},"end":{"line":29,"column":40}},"20":{"start":{"line":31,"column":0},"end":{"line":31,"column":95}},"21":{"start":{"line":31,"column":39},"end":{"line":31,"column":93}},"22":{"start":{"line":33,"column":0},"end":{"line":36,"column":1}},"23":{"start":{"line":34,"column":2},"end":{"line":34,"column":72}},"24":{"start":{"line":35,"column":2},"end":{"line":35,"column":35}},"25":{"start":{"line":38,"column":0},"end":{"line":45,"column":1}},"26":{"start":{"line":39,"column":2},"end":{"line":44,"column":3}},"27":{"start":{"line":40,"column":4},"end":{"line":40,"column":114}},"28":{"start":{"line":41,"column":4},"end":{"line":41,"column":51}},"29":{"start":{"line":43,"column":4},"end":{"line":43,"column":17}},"30":{"start":{"line":47,"column":0},"end":{"line":51,"column":1}},"31":{"start":{"line":48,"column":2},"end":{"line":50,"column":13}},"32":{"start":{"line":49,"column":4},"end":{"line":49,"column":85}},"33":{"start":{"line":53,"column":0},"end":{"line":90,"column":1}},"34":{"start":{"line":54,"column":2},"end":{"line":56,"column":4}},"35":{"start":{"line":55,"column":4},"end":{"line":55,"column":102}},"36":{"start":{"line":58,"column":2},"end":{"line":58,"column":43}},"37":{"start":{"line":59,"column":2},"end":{"line":59,"column":55}},"38":{"start":{"line":60,"column":2},"end":{"line":60,"column":49}},"39":{"start":{"line":61,"column":2},"end":{"line":61,"column":100}},"40":{"start":{"line":63,"column":2},"end":{"line":63,"column":41}},"41":{"start":{"line":64,"column":2},"end":{"line":66,"column":51}},"42":{"start":{"line":65,"column":4},"end":{"line":65,"column":61}},"43":{"start":{"line":68,"column":2},"end":{"line":68,"column":103}},"44":{"start":{"line":69,"column":2},"end":{"line":69,"column":49}},"45":{"start":{"line":70,"column":2},"end":{"line":70,"column":96}},"46":{"start":{"line":71,"column":2},"end":{"line":71,"column":62}},"47":{"start":{"line":72,"column":2},"end":{"line":72,"column":70}},"48":{"start":{"line":73,"column":2},"end":{"line":73,"column":88}},"49":{"start":{"line":74,"column":2},"end":{"line":74,"column":94}},"50":{"start":{"line":76,"column":2},"end":{"line":89,"column":20}},"51":{"start":{"line":86,"column":4},"end":{"line":88,"column":7}},"52":{"start":{"line":92,"column":0},"end":{"line":92,"column":46}},"53":{"start":{"line":93,"column":0},"end":{"line":93,"column":50}},"54":{"start":{"line":94,"column":0},"end":{"line":94,"column":48}},"55":{"start":{"line":95,"column":0},"end":{"line":95,"column":36}}},"branchMap":{"1":{"line":7,"type":"binary-expr","locations":[{"start":{"line":7,"column":15},"end":{"line":7,"column":28}},{"start":{"line":7,"column":32},"end":{"line":7,"column":256}}]},"2":{"line":7,"type":"if","locations":[{"start":{"line":7,"column":150},"end":{"line":7,"column":150}},{"start":{"line":7,"column":150},"end":{"line":7,"column":150}}]},"3":{"line":31,"type":"cond-expr","locations":[{"start":{"line":31,"column":70},"end":{"line":31,"column":73}},{"start":{"line":31,"column":76},"end":{"line":31,"column":92}}]},"4":{"line":31,"type":"binary-expr","locations":[{"start":{"line":31,"column":46},"end":{"line":31,"column":49}},{"start":{"line":31,"column":53},"end":{"line":31,"column":67}}]},"5":{"line":49,"type":"binary-expr","locations":[{"start":{"line":49,"column":11},"end":{"line":49,"column":40}},{"start":{"line":49,"column":44},"end":{"line":49,"column":60}},{"start":{"line":49,"column":64},"end":{"line":49,"column":84}}]},"6":{"line":55,"type":"cond-expr","locations":[{"start":{"line":55,"column":56},"end":{"line":55,"column":86}},{"start":{"line":55,"column":89},"end":{"line":55,"column":101}}]},"7":{"line":65,"type":"cond-expr","locations":[{"start":{"line":65,"column":45},"end":{"line":65,"column":50}},{"start":{"line":65,"column":53},"end":{"line":65,"column":60}}]},"8":{"line":68,"type":"binary-expr","locations":[{"start":{"line":68,"column":17},"end":{"line":68,"column":32}},{"start":{"line":68,"column":36},"end":{"line":68,"column":102}}]},"9":{"line":69,"type":"binary-expr","locations":[{"start":{"line":69,"column":21},"end":{"line":69,"column":42}},{"start":{"line":69,"column":46},"end":{"line":69,"column":48}}]},"10":{"line":70,"type":"cond-expr","locations":[{"start":{"line":70,"column":66},"end":{"line":70,"column":90}},{"start":{"line":70,"column":93},"end":{"line":70,"column":95}}]},"11":{"line":70,"type":"binary-expr","locations":[{"start":{"line":70,"column":24},"end":{"line":70,"column":35}},{"start":{"line":70,"column":39},"end":{"line":70,"column":63}}]},"12":{"line":71,"type":"binary-expr","locations":[{"start":{"line":71,"column":29},"end":{"line":71,"column":54}},{"start":{"line":71,"column":58},"end":{"line":71,"column":60}}]},"13":{"line":72,"type":"binary-expr","locations":[{"start":{"line":72,"column":33},"end":{"line":72,"column":62}},{"start":{"line":72,"column":66},"end":{"line":72,"column":68}}]}},"code":["'use strict';","","Object.defineProperty(exports, \"__esModule\", {","  value: true","});","","var _extends = Object.assign || function (target) { for (var i = 1; i < arguments.length; i++) { var source = arguments[i]; for (var key in source) { if (Object.prototype.hasOwnProperty.call(source, key)) { target[key] = source[key]; } } } return target; };","","exports.default = depcheck;","","var _path = require('path');","","var _path2 = _interopRequireDefault(_path);","","var _lodash = require('lodash');","","var _lodash2 = _interopRequireDefault(_lodash);","","var _minimatch = require('minimatch');","","var _minimatch2 = _interopRequireDefault(_minimatch);","","var _check = require('./check');","","var _check2 = _interopRequireDefault(_check);","","var _utils = require('./utils');","","var _constants = require('./constants');","","function _interopRequireDefault(obj) { return obj && obj.__esModule ? obj : { default: obj }; }","","function isIgnored(ignoreMatches, dependency) {","  var match = _lodash2.default.partial(_minimatch2.default, dependency);","  return ignoreMatches.some(match);","}","","function hasBin(rootDir, dependency) {","  try {","    var metadata = (0, _utils.readJSON)(_path2.default.join(rootDir, 'node_modules', dependency, 'package.json'));","    return {}.hasOwnProperty.call(metadata, 'bin');","  } catch (error) {","    return false;","  }","}","","function filterDependencies(rootDir, ignoreBinPackage, ignoreMatches, dependencies) {","  return (0, _lodash2.default)(dependencies).keys().reject(function (dep) {","    return isIgnored(ignoreMatches, dep) || ignoreBinPackage && hasBin(rootDir, dep);","  }).value();","}","","function depcheck(rootDir, options, callback) {","  var getOption = function getOption(key) {","    return _lodash2.default.isUndefined(options[key]) ? _constants.defaultOptions[key] : options[key];","  };","","  var withoutDev = getOption('withoutDev');","  var ignoreBinPackage = getOption('ignoreBinPackage');","  var ignoreMatches = getOption('ignoreMatches');","  var ignoreDirs = _lodash2.default.union(_constants.defaultOptions.ignoreDirs, options.ignoreDirs);","","  var detectors = getOption('detectors');","  var parsers = (0, _lodash2.default)(getOption('parsers')).mapValues(function (value) {","    return _lodash2.default.isArray(value) ? value : [value];","  }).merge({ '*': getOption('specials') }).value();","","  var metadata = options.package || (0, _utils.readJSON)(_path2.default.join(rootDir, 'package.json'));","  var dependencies = metadata.dependencies || {};","  var devDependencies = !withoutDev && metadata.devDependencies ? metadata.devDependencies : {};","  var peerDeps = Object.keys(metadata.peerDependencies || {});","  var optionalDeps = Object.keys(metadata.optionalDependencies || {});","  var deps = filterDependencies(rootDir, ignoreBinPackage, ignoreMatches, dependencies);","  var devDeps = filterDependencies(rootDir, ignoreBinPackage, ignoreMatches, devDependencies);","","  return (0, _check2.default)({","    rootDir: rootDir,","    ignoreDirs: ignoreDirs,","    deps: deps,","    devDeps: devDeps,","    peerDeps: peerDeps,","    optionalDeps: optionalDeps,","    parsers: parsers,","    detectors: detectors","  }).then(function (results) {","    return _extends(results, {","      missing: _lodash2.default.pick(results.missing, filterDependencies(rootDir, ignoreBinPackage, ignoreMatches, results.missing))","    });","  }).then(callback);","}","","depcheck.parser = _constants.availableParsers;","depcheck.detector = _constants.availableDetectors;","depcheck.special = _constants.availableSpecials;","module.exports = exports['default'];"],"l":{"3":1,"7":1,"9":1,"11":1,"13":1,"15":1,"17":1,"19":1,"21":1,"23":1,"25":1,"27":1,"29":1,"31":4,"33":1,"34":0,"35":0,"38":1,"39":0,"40":0,"41":0,"43":0,"47":1,"48":0,"49":0,"53":1,"54":0,"55":0,"58":0,"59":0,"60":0,"61":0,"63":0,"64":0,"65":0,"68":0,"69":0,"70":0,"71":0,"72":0,"73":0,"74":0,"76":0,"86":0,"92":1,"93":1,"94":1,"95":1}},"/home/travis/build/npmtest/node-npmtest-depcheck/node_modules/depcheck/dist/check.js":{"path":"/home/travis/build/npmtest/node-npmtest-depcheck/node_modules/depcheck/dist/check.js","s":{"1":1,"2":1,"3":1,"4":0,"5":0,"6":0,"7":0,"8":0,"9":0,"10":0,"11":0,"12":0,"13":0,"14":0,"15":0,"16":0,"17":0,"18":0,"19":0,"20":0,"21":1,"22":0,"23":0,"24":0,"25":0,"26":0,"27":1,"28":0,"29":0,"30":0,"31":0,"32":0,"33":0,"34":1,"35":1,"36":1,"37":1,"38":1,"39":1,"40":1,"41":1,"42":1,"43":1,"44":1,"45":1,"46":1,"47":1,"48":1,"49":1,"50":1,"51":7,"52":1,"53":0,"54":0,"55":0,"56":0,"57":0,"58":1,"59":0,"60":0,"61":0,"62":0,"63":1,"64":0,"65":0,"66":0,"67":0,"68":1,"69":0,"70":0,"71":0,"72":0,"73":1,"74":0,"75":0,"76":0,"77":0,"78":1,"79":0,"80":0,"81":0,"82":1,"83":0,"84":0,"85":0,"86":0,"87":0,"88":0,"89":0,"90":0,"91":0,"92":0,"93":0,"94":1,"95":0,"96":0,"97":0,"98":1,"99":0,"100":0,"101":0,"102":0,"103":0,"104":0,"105":1,"106":0,"107":0,"108":0,"109":0,"110":0,"111":0,"112":0,"113":0,"114":0,"115":0,"116":0,"117":0,"118":0,"119":0,"120":0,"121":1,"122":0,"123":0,"124":0,"125":0,"126":0,"127":0,"128":0,"129":0,"130":0,"131":0,"132":1,"133":0,"134":0,"135":0,"136":0,"137":0,"138":0,"139":0,"140":0,"141":0,"142":0,"143":0,"144":0,"145":0,"146":1,"147":0,"148":0,"149":0,"150":0,"151":0,"152":0,"153":0,"154":0,"155":0,"156":0,"157":0,"158":0,"159":0,"160":0,"161":1,"162":0,"163":0,"164":0,"165":0,"166":1},"b":{"1":[0,0],"2":[0,0],"3":[0,0],"4":[0,0],"5":[0,0],"6":[0,0],"7":[0,0],"8":[1,0],"9":[0,0],"10":[0,7],"11":[7,7],"12":[0,0],"13":[0,0],"14":[0,0],"15":[0,0],"16":[0,0],"17":[0,0],"18":[0,0],"19":[0,0],"20":[0,0],"21":[0,0],"22":[0,0],"23":[0,0],"24":[0,0],"25":[0,0,0],"26":[0,0],"27":[0,0],"28":[0,0]},"f":{"1":1,"2":0,"3":0,"4":0,"5":7,"6":0,"7":0,"8":0,"9":0,"10":0,"11":0,"12":0,"13":0,"14":0,"15":0,"16":0,"17":0,"18":0,"19":0,"20":0,"21":0,"22":0,"23":0,"24":0,"25":0,"26":0,"27":0,"28":0,"29":0,"30":0,"31":0,"32":0,"33":0,"34":0,"35":0,"36":0,"37":0,"38":0,"39":0,"40":0,"41":0,"42":0,"43":0,"44":0,"45":0,"46":0,"47":0,"48":0,"49":0},"fnMap":{"1":{"name":"(anonymous_1)","line":7,"loc":{"start":{"line":7,"column":21},"end":{"line":7,"column":33}}},"2":{"name":"sliceIterator","line":7,"loc":{"start":{"line":7,"column":35},"end":{"line":7,"column":66}}},"3":{"name":"(anonymous_3)","line":7,"loc":{"start":{"line":7,"column":436},"end":{"line":7,"column":454}}},"4":{"name":"(anonymous_4)","line":9,"loc":{"start":{"line":9,"column":32},"end":{"line":9,"column":50}}},"5":{"name":"_interopRequireDefault","line":43,"loc":{"start":{"line":43,"column":0},"end":{"line":43,"column":37}}},"6":{"name":"_toConsumableArray","line":45,"loc":{"start":{"line":45,"column":0},"end":{"line":45,"column":33}}},"7":{"name":"_defineProperty","line":47,"loc":{"start":{"line":47,"column":0},"end":{"line":47,"column":42}}},"8":{"name":"isModule","line":49,"loc":{"start":{"line":49,"column":0},"end":{"line":49,"column":23}}},"9":{"name":"mergeBuckets","line":58,"loc":{"start":{"line":58,"column":0},"end":{"line":58,"column":40}}},"10":{"name":"(anonymous_10)","line":59,"loc":{"start":{"line":59,"column":54},"end":{"line":59,"column":80}}},"11":{"name":"detect","line":66,"loc":{"start":{"line":66,"column":0},"end":{"line":66,"column":33}}},"12":{"name":"(anonymous_12)","line":67,"loc":{"start":{"line":67,"column":46},"end":{"line":67,"column":66}}},"13":{"name":"hasVisited","line":77,"loc":{"start":{"line":77,"column":0},"end":{"line":77,"column":34}}},"14":{"name":"recursive","line":85,"loc":{"start":{"line":85,"column":0},"end":{"line":85,"column":33}}},"15":{"name":"(anonymous_15)","line":89,"loc":{"start":{"line":89,"column":42},"end":{"line":89,"column":58}}},"16":{"name":"(anonymous_16)","line":94,"loc":{"start":{"line":94,"column":52},"end":{"line":94,"column":67}}},"17":{"name":"(anonymous_17)","line":96,"loc":{"start":{"line":96,"column":11},"end":{"line":96,"column":26}}},"18":{"name":"getNodes","line":104,"loc":{"start":{"line":104,"column":0},"end":{"line":104,"column":23}}},"19":{"name":"discoverPropertyDep","line":110,"loc":{"start":{"line":110,"column":0},"end":{"line":110,"column":63}}},"20":{"name":"getDependencies","line":121,"loc":{"start":{"line":121,"column":0},"end":{"line":121,"column":65}}},"21":{"name":"(anonymous_21)","line":122,"loc":{"start":{"line":122,"column":21},"end":{"line":122,"column":48}}},"22":{"name":"(anonymous_22)","line":123,"loc":{"start":{"line":123,"column":44},"end":{"line":123,"column":70}}},"23":{"name":"(anonymous_23)","line":134,"loc":{"start":{"line":134,"column":10},"end":{"line":134,"column":25}}},"24":{"name":"(anonymous_24)","line":136,"loc":{"start":{"line":136,"column":142},"end":{"line":136,"column":158}}},"25":{"name":"checkFile","line":150,"loc":{"start":{"line":150,"column":0},"end":{"line":150,"column":60}}},"26":{"name":"(anonymous_26)","line":152,"loc":{"start":{"line":152,"column":61},"end":{"line":152,"column":77}}},"27":{"name":"(anonymous_27)","line":154,"loc":{"start":{"line":154,"column":9},"end":{"line":154,"column":24}}},"28":{"name":"(anonymous_28)","line":158,"loc":{"start":{"line":158,"column":21},"end":{"line":158,"column":39}}},"29":{"name":"(anonymous_29)","line":159,"loc":{"start":{"line":159,"column":72},"end":{"line":159,"column":89}}},"30":{"name":"(anonymous_30)","line":161,"loc":{"start":{"line":161,"column":81},"end":{"line":161,"column":96}}},"31":{"name":"(anonymous_31)","line":164,"loc":{"start":{"line":164,"column":16},"end":{"line":164,"column":31}}},"32":{"name":"(anonymous_32)","line":168,"loc":{"start":{"line":168,"column":7},"end":{"line":168,"column":24}}},"33":{"name":"checkDirectory","line":176,"loc":{"start":{"line":176,"column":0},"end":{"line":176,"column":76}}},"34":{"name":"(anonymous_34)","line":177,"loc":{"start":{"line":177,"column":21},"end":{"line":177,"column":40}}},"35":{"name":"(anonymous_35)","line":181,"loc":{"start":{"line":181,"column":27},"end":{"line":181,"column":45}}},"36":{"name":"(anonymous_36)","line":185,"loc":{"start":{"line":185,"column":22},"end":{"line":185,"column":42}}},"37":{"name":"(anonymous_37)","line":189,"loc":{"start":{"line":189,"column":23},"end":{"line":189,"column":49}}},"38":{"name":"(anonymous_38)","line":195,"loc":{"start":{"line":195,"column":21},"end":{"line":195,"column":33}}},"39":{"name":"(anonymous_39)","line":196,"loc":{"start":{"line":196,"column":48},"end":{"line":196,"column":67}}},"40":{"name":"(anonymous_40)","line":197,"loc":{"start":{"line":197,"column":30},"end":{"line":197,"column":54}}},"41":{"name":"buildResult","line":213,"loc":{"start":{"line":213,"column":0},"end":{"line":213,"column":68}}},"42":{"name":"(anonymous_42)","line":218,"loc":{"start":{"line":218,"column":7},"end":{"line":218,"column":23}}},"43":{"name":"(anonymous_43)","line":223,"loc":{"start":{"line":223,"column":52},"end":{"line":223,"column":64}}},"44":{"name":"(anonymous_44)","line":228,"loc":{"start":{"line":228,"column":7},"end":{"line":228,"column":24}}},"45":{"name":"(anonymous_45)","line":234,"loc":{"start":{"line":234,"column":11},"end":{"line":234,"column":28}}},"46":{"name":"(anonymous_46)","line":241,"loc":{"start":{"line":241,"column":13},"end":{"line":241,"column":30}}},"47":{"name":"(anonymous_47)","line":251,"loc":{"start":{"line":251,"column":65},"end":{"line":251,"column":87}}},"48":{"name":"check","line":265,"loc":{"start":{"line":265,"column":0},"end":{"line":265,"column":22}}},"49":{"name":"(anonymous_49)","line":276,"loc":{"start":{"line":276,"column":88},"end":{"line":276,"column":106}}}},"statementMap":{"1":{"start":{"line":3,"column":0},"end":{"line":5,"column":3}},"2":{"start":{"line":7,"column":0},"end":{"line":7,"column":664}},"3":{"start":{"line":7,"column":35},"end":{"line":7,"column":428}},"4":{"start":{"line":7,"column":68},"end":{"line":7,"column":82}},"5":{"start":{"line":7,"column":83},"end":{"line":7,"column":97}},"6":{"start":{"line":7,"column":98},"end":{"line":7,"column":113}},"7":{"start":{"line":7,"column":114},"end":{"line":7,"column":133}},"8":{"start":{"line":7,"column":134},"end":{"line":7,"column":413}},"9":{"start":{"line":7,"column":140},"end":{"line":7,"column":283}},"10":{"start":{"line":7,"column":226},"end":{"line":7,"column":246}},"11":{"start":{"line":7,"column":247},"end":{"line":7,"column":281}},"12":{"start":{"line":7,"column":275},"end":{"line":7,"column":281}},"13":{"start":{"line":7,"column":300},"end":{"line":7,"column":310}},"14":{"start":{"line":7,"column":311},"end":{"line":7,"column":320}},"15":{"start":{"line":7,"column":333},"end":{"line":7,"column":411}},"16":{"start":{"line":7,"column":339},"end":{"line":7,"column":379}},"17":{"start":{"line":7,"column":364},"end":{"line":7,"column":379}},"18":{"start":{"line":7,"column":392},"end":{"line":7,"column":409}},"19":{"start":{"line":7,"column":400},"end":{"line":7,"column":409}},"20":{"start":{"line":7,"column":414},"end":{"line":7,"column":426}},"21":{"start":{"line":7,"column":429},"end":{"line":7,"column":659}},"22":{"start":{"line":7,"column":456},"end":{"line":7,"column":656}},"23":{"start":{"line":7,"column":482},"end":{"line":7,"column":493}},"24":{"start":{"line":7,"column":501},"end":{"line":7,"column":656}},"25":{"start":{"line":7,"column":539},"end":{"line":7,"column":568}},"26":{"start":{"line":7,"column":578},"end":{"line":7,"column":654}},"27":{"start":{"line":9,"column":0},"end":{"line":9,"column":257}},"28":{"start":{"line":9,"column":52},"end":{"line":9,"column":239}},"29":{"start":{"line":9,"column":97},"end":{"line":9,"column":123}},"30":{"start":{"line":9,"column":124},"end":{"line":9,"column":237}},"31":{"start":{"line":9,"column":150},"end":{"line":9,"column":235}},"32":{"start":{"line":9,"column":207},"end":{"line":9,"column":233}},"33":{"start":{"line":9,"column":240},"end":{"line":9,"column":254}},"34":{"start":{"line":11,"column":0},"end":{"line":11,"column":24}},"35":{"start":{"line":13,"column":0},"end":{"line":13,"column":24}},"36":{"start":{"line":15,"column":0},"end":{"line":15,"column":39}},"37":{"start":{"line":17,"column":0},"end":{"line":17,"column":28}},"38":{"start":{"line":19,"column":0},"end":{"line":19,"column":43}},"39":{"start":{"line":21,"column":0},"end":{"line":21,"column":32}},"40":{"start":{"line":23,"column":0},"end":{"line":23,"column":47}},"41":{"start":{"line":25,"column":0},"end":{"line":25,"column":34}},"42":{"start":{"line":27,"column":0},"end":{"line":27,"column":49}},"43":{"start":{"line":29,"column":0},"end":{"line":29,"column":38}},"44":{"start":{"line":31,"column":0},"end":{"line":31,"column":53}},"45":{"start":{"line":33,"column":0},"end":{"line":33,"column":49}},"46":{"start":{"line":35,"column":0},"end":{"line":35,"column":63}},"47":{"start":{"line":37,"column":0},"end":{"line":37,"column":58}},"48":{"start":{"line":39,"column":0},"end":{"line":39,"column":71}},"49":{"start":{"line":41,"column":0},"end":{"line":41,"column":32}},"50":{"start":{"line":43,"column":0},"end":{"line":43,"column":95}},"51":{"start":{"line":43,"column":39},"end":{"line":43,"column":93}},"52":{"start":{"line":45,"column":0},"end":{"line":45,"column":195}},"53":{"start":{"line":45,"column":35},"end":{"line":45,"column":193}},"54":{"start":{"line":45,"column":61},"end":{"line":45,"column":145}},"55":{"start":{"line":45,"column":126},"end":{"line":45,"column":143}},"56":{"start":{"line":45,"column":146},"end":{"line":45,"column":158}},"57":{"start":{"line":45,"column":168},"end":{"line":45,"column":191}},"58":{"start":{"line":47,"column":0},"end":{"line":47,"column":209}},"59":{"start":{"line":47,"column":44},"end":{"line":47,"column":195}},"60":{"start":{"line":47,"column":62},"end":{"line":47,"column":166}},"61":{"start":{"line":47,"column":176},"end":{"line":47,"column":193}},"62":{"start":{"line":47,"column":196},"end":{"line":47,"column":207}},"63":{"start":{"line":49,"column":0},"end":{"line":56,"column":1}},"64":{"start":{"line":50,"column":2},"end":{"line":55,"column":3}},"65":{"start":{"line":51,"column":4},"end":{"line":51,"column":70}},"66":{"start":{"line":52,"column":4},"end":{"line":52,"column":16}},"67":{"start":{"line":54,"column":4},"end":{"line":54,"column":17}},"68":{"start":{"line":58,"column":0},"end":{"line":64,"column":1}},"69":{"start":{"line":59,"column":2},"end":{"line":63,"column":5}},"70":{"start":{"line":60,"column":4},"end":{"line":60,"column":30}},"71":{"start":{"line":61,"column":4},"end":{"line":61,"column":30}},"72":{"start":{"line":62,"column":4},"end":{"line":62,"column":33}},"73":{"start":{"line":66,"column":0},"end":{"line":74,"column":1}},"74":{"start":{"line":67,"column":2},"end":{"line":73,"column":23}},"75":{"start":{"line":68,"column":4},"end":{"line":72,"column":5}},"76":{"start":{"line":69,"column":6},"end":{"line":69,"column":28}},"77":{"start":{"line":71,"column":6},"end":{"line":71,"column":16}},"78":{"start":{"line":77,"column":0},"end":{"line":83,"column":1}},"79":{"start":{"line":78,"column":2},"end":{"line":82,"column":3}},"80":{"start":{"line":79,"column":4},"end":{"line":79,"column":28}},"81":{"start":{"line":81,"column":4},"end":{"line":81,"column":17}},"82":{"start":{"line":85,"column":0},"end":{"line":102,"column":1}},"83":{"start":{"line":86,"column":2},"end":{"line":99,"column":3}},"84":{"start":{"line":87,"column":4},"end":{"line":87,"column":14}},"85":{"start":{"line":88,"column":9},"end":{"line":99,"column":3}},"86":{"start":{"line":89,"column":4},"end":{"line":91,"column":25}},"87":{"start":{"line":90,"column":6},"end":{"line":90,"column":38}},"88":{"start":{"line":92,"column":9},"end":{"line":99,"column":3}},"89":{"start":{"line":93,"column":4},"end":{"line":93,"column":21}},"90":{"start":{"line":94,"column":4},"end":{"line":98,"column":37}},"91":{"start":{"line":95,"column":6},"end":{"line":95,"column":52}},"92":{"start":{"line":97,"column":6},"end":{"line":97,"column":42}},"93":{"start":{"line":101,"column":2},"end":{"line":101,"column":12}},"94":{"start":{"line":104,"column":0},"end":{"line":108,"column":1}},"95":{"start":{"line":105,"column":2},"end":{"line":105,"column":30}},"96":{"start":{"line":106,"column":2},"end":{"line":106,"column":38}},"97":{"start":{"line":107,"column":2},"end":{"line":107,"column":15}},"98":{"start":{"line":110,"column":0},"end":{"line":119,"column":1}},"99":{"start":{"line":111,"column":2},"end":{"line":118,"column":3}},"100":{"start":{"line":112,"column":4},"end":{"line":112,"column":88}},"101":{"start":{"line":113,"column":4},"end":{"line":113,"column":46}},"102":{"start":{"line":114,"column":4},"end":{"line":114,"column":61}},"103":{"start":{"line":115,"column":4},"end":{"line":115,"column":61}},"104":{"start":{"line":117,"column":4},"end":{"line":117,"column":14}},"105":{"start":{"line":121,"column":0},"end":{"line":148,"column":1}},"106":{"start":{"line":122,"column":2},"end":{"line":147,"column":5}},"107":{"start":{"line":123,"column":4},"end":{"line":133,"column":7}},"108":{"start":{"line":124,"column":6},"end":{"line":126,"column":7}},"109":{"start":{"line":125,"column":8},"end":{"line":125,"column":22}},"110":{"start":{"line":128,"column":6},"end":{"line":132,"column":7}},"111":{"start":{"line":129,"column":8},"end":{"line":129,"column":54}},"112":{"start":{"line":131,"column":8},"end":{"line":131,"column":28}},"113":{"start":{"line":136,"column":4},"end":{"line":138,"column":66}},"114":{"start":{"line":137,"column":6},"end":{"line":137,"column":37}},"115":{"start":{"line":140,"column":4},"end":{"line":140,"column":76}},"116":{"start":{"line":141,"column":4},"end":{"line":141,"column":82}},"117":{"start":{"line":142,"column":4},"end":{"line":142,"column":90}},"118":{"start":{"line":143,"column":4},"end":{"line":143,"column":95}},"119":{"start":{"line":144,"column":4},"end":{"line":144,"column":103}},"120":{"start":{"line":146,"column":4},"end":{"line":146,"column":62}},"121":{"start":{"line":150,"column":0},"end":{"line":174,"column":1}},"122":{"start":{"line":151,"column":2},"end":{"line":151,"column":51}},"123":{"start":{"line":152,"column":2},"end":{"line":156,"column":23}},"124":{"start":{"line":153,"column":4},"end":{"line":153,"column":67}},"125":{"start":{"line":155,"column":4},"end":{"line":155,"column":24}},"126":{"start":{"line":158,"column":2},"end":{"line":173,"column":5}},"127":{"start":{"line":159,"column":4},"end":{"line":172,"column":7}},"128":{"start":{"line":160,"column":6},"end":{"line":167,"column":8}},"129":{"start":{"line":162,"column":10},"end":{"line":162,"column":52}},"130":{"start":{"line":165,"column":10},"end":{"line":165,"column":75}},"131":{"start":{"line":169,"column":6},"end":{"line":171,"column":8}},"132":{"start":{"line":176,"column":0},"end":{"line":211,"column":1}},"133":{"start":{"line":177,"column":2},"end":{"line":210,"column":5}},"134":{"start":{"line":178,"column":4},"end":{"line":178,"column":22}},"135":{"start":{"line":179,"column":4},"end":{"line":179,"column":67}},"136":{"start":{"line":181,"column":4},"end":{"line":183,"column":7}},"137":{"start":{"line":182,"column":6},"end":{"line":182,"column":187}},"138":{"start":{"line":185,"column":4},"end":{"line":187,"column":7}},"139":{"start":{"line":186,"column":6},"end":{"line":186,"column":119}},"140":{"start":{"line":189,"column":4},"end":{"line":193,"column":7}},"141":{"start":{"line":190,"column":6},"end":{"line":192,"column":10}},"142":{"start":{"line":195,"column":4},"end":{"line":209,"column":7}},"143":{"start":{"line":196,"column":6},"end":{"line":208,"column":10}},"144":{"start":{"line":197,"column":8},"end":{"line":207,"column":11}},"145":{"start":{"line":198,"column":10},"end":{"line":202,"column":12}},"146":{"start":{"line":213,"column":0},"end":{"line":263,"column":1}},"147":{"start":{"line":214,"column":2},"end":{"line":245,"column":11}},"148":{"start":{"line":219,"column":4},"end":{"line":221,"column":23}},"149":{"start":{"line":223,"column":4},"end":{"line":225,"column":8}},"150":{"start":{"line":224,"column":6},"end":{"line":224,"column":18}},"151":{"start":{"line":229,"column":4},"end":{"line"
[...]
e (memberPath.isMemberExpression()) {","    var code = content.slice(identifierPath.node.end, memberPath.node.end);","    var pluginName = pluginLookup[code];","    if (pluginName) {","      return pluginName;","    }","","    memberPath = memberPath.parentPath;","  }","","  return '';","}","","/**"," * Get the gulp packages found from the path. This is the entry for traverse."," */","function check(content, deps, path) {","  if (","  // Pattern: import plugins from 'gulp-load-plugins', $ = plugins(), $.jshint()","  (0, _importDeclaration2.default)(path.node)[0] === 'gulp-load-plugins' && path.isImportDeclaration() && path.get('specifiers')[0] && path.get('specifiers')[0].isImportDefaultSpecifier() && path.get('specifiers')[0].get('local').isIdentifier()) {","    var importVariableName = path.get('specifiers')[0].get('local').node.name;","    var identifierReferences = getIdentifierReferences(path, importVariableName);","    var packageNames = identifierReferences.map(function (r) {","      return getPackageName(content, deps, r);","    });","    return packageNames;","  } else if (","","  // Pattern: plugins = require('gulp-load-plugins'), $ = plugins(), $.jshint()","  (0, _requireCallExpression2.default)(path.node)[0] === 'gulp-load-plugins' && path.isCallExpression() && path.parentPath.isVariableDeclarator() && path.parentPath.get('id').isIdentifier()) {","    var requireVariableName = path.parentPath.get('id').node.name;","    var _identifierReferences = getIdentifierReferences(path, requireVariableName);","    var _packageNames = _identifierReferences.map(function (r) {","      return getPackageName(content, deps, r);","    });","    return _packageNames;","  } else if (","","  // Pattern: $ = require('gulp-load-plugins')(), $.jshint()","  (0, _requireCallExpression2.default)(path.node)[0] === 'gulp-load-plugins' && path.isCallExpression() && path.parentPath.isCallExpression() && path.parentPath.parentPath.isVariableDeclarator() && path.parentPath.parentPath.get('id').isIdentifier()) {","    var _requireVariableName = path.parentPath.parentPath.get('id').node.name;","    var _identifierReferences2 = getReferences(path, _requireVariableName);","    var _packageNames2 = _identifierReferences2.map(function (r) {","      return getPackageName(content, deps, r);","    });","    return _packageNames2;","  } else if (","","  // Pattern: require('gulp-load-plugins')().thisPlugin()","  (0, _requireCallExpression2.default)(path.node)[0] === 'gulp-load-plugins' && path.isCallExpression() && path.parentPath.isCallExpression() && path.parentPath.parentPath.isMemberExpression()) {","    var packageName = getPackageName(content, deps, path.parentPath);","    return [packageName];","  }","","  return [];","}","","function parseGulpPlugins(content, filePath, deps, rootDir) {","  var resolvedPath = (0, _path.resolve)(filePath);","  if (resolvedPath !== (0, _path.resolve)(rootDir, 'gulpfile.js') && resolvedPath !== (0, _path.resolve)(rootDir, 'gulpfile.babel.js')) {","    return [];","  }","","  var pluginLookup = getPluginLookup(deps);","  var ast = (0, _es2.default)(content);","  var results = [];","  (0, _babelTraverse2.default)(ast, {","    enter: function enter(path) {","      results.push.apply(results, _toConsumableArray(check(content, pluginLookup, path)));","    }","  });","","  return (0, _lodash2.default)(results).filter().uniq().value();","}","module.exports = exports['default'];"],"l":{"3":1,"6":1,"8":1,"10":1,"12":1,"14":1,"16":1,"18":1,"20":1,"22":1,"24":1,"26":1,"28":1,"30":1,"32":1,"34":6,"36":1,"38":1,"39":0,"40":0,"41":0,"42":0,"45":0,"46":0,"47":0,"48":0,"49":0,"50":0,"51":0,"54":0,"61":1,"62":0,"63":0,"64":0,"71":1,"72":0,"73":0,"74":0,"77":0,"84":1,"85":0,"87":0,"88":0,"91":0,"98":1,"99":0,"100":0,"101":0,"102":0,"103":0,"104":0,"107":0,"110":0,"116":1,"117":0,"120":0,"121":0,"122":0,"123":0,"125":0,"126":0,"130":0,"131":0,"132":0,"133":0,"135":0,"136":0,"140":0,"141":0,"142":0,"143":0,"145":0,"146":0,"150":0,"151":0,"154":0,"157":1,"158":0,"159":0,"160":0,"163":0,"164":0,"165":0,"166":0,"168":0,"172":0,"174":1}},"/home/travis/build/npmtest/node-npmtest-depcheck/node_modules/depcheck/dist/special/mocha.js":{"path":"/home/travis/build/npmtest/node-npmtest-depcheck/node_modules/depcheck/dist/special/mocha.js","s":{"1":1,"2":1,"3":1,"4":1,"5":1,"6":1,"7":1,"8":1,"9":1,"10":1,"11":1,"12":1,"13":4,"14":1,"15":0,"16":0,"17":0,"18":0,"19":1,"20":0,"21":0,"22":0,"23":0,"24":0,"25":1,"26":0,"27":0,"28":0,"29":0,"30":0,"31":0,"32":0,"33":0,"34":0,"35":0,"36":0,"37":1},"b":{"1":[0,4],"2":[4,4],"3":[0,0],"4":[0,0]},"f":{"1":4,"2":0,"3":0,"4":0,"5":0,"6":0,"7":0,"8":0,"9":0,"10":0,"11":0,"12":0,"13":0,"14":0,"15":0},"fnMap":{"1":{"name":"_interopRequireDefault","line":26,"loc":{"start":{"line":26,"column":0},"end":{"line":26,"column":37}}},"2":{"name":"getOpts","line":28,"loc":{"start":{"line":28,"column":0},"end":{"line":28,"column":25}}},"3":{"name":"(anonymous_3)","line":29,"loc":{"start":{"line":29,"column":39},"end":{"line":29,"column":55}}},"4":{"name":"getRequires","line":36,"loc":{"start":{"line":36,"column":0},"end":{"line":36,"column":36}}},"5":{"name":"(anonymous_5)","line":37,"loc":{"start":{"line":37,"column":33},"end":{"line":37,"column":49}}},"6":{"name":"(anonymous_6)","line":39,"loc":{"start":{"line":39,"column":12},"end":{"line":39,"column":28}}},"7":{"name":"(anonymous_7)","line":41,"loc":{"start":{"line":41,"column":9},"end":{"line":41,"column":25}}},"8":{"name":"(anonymous_8)","line":43,"loc":{"start":{"line":43,"column":46},"end":{"line":43,"column":62}}},"9":{"name":"parseMocha","line":48,"loc":{"start":{"line":48,"column":0},"end":{"line":48,"column":54}}},"10":{"name":"(anonymous_10)","line":55,"loc":{"start":{"line":55,"column":89},"end":{"line":55,"column":107}}},"11":{"name":"(anonymous_11)","line":57,"loc":{"start":{"line":57,"column":9},"end":{"line":57,"column":27}}},"12":{"name":"(anonymous_12)","line":59,"loc":{"start":{"line":59,"column":12},"end":{"line":59,"column":28}}},"13":{"name":"(anonymous_13)","line":61,"loc":{"start":{"line":61,"column":9},"end":{"line":61,"column":25}}},"14":{"name":"(anonymous_14)","line":63,"loc":{"start":{"line":63,"column":9},"end":{"line":63,"column":28}}},"15":{"name":"(anonymous_15)","line":66,"loc":{"start":{"line":66,"column":7},"end":{"line":66,"column":29}}}},"statementMap":{"1":{"start":{"line":3,"column":0},"end":{"line":5,"column":3}},"2":{"start":{"line":6,"column":0},"end":{"line":6,"column":29}},"3":{"start":{"line":8,"column":0},"end":{"line":8,"column":24}},"4":{"start":{"line":10,"column":0},"end":{"line":10,"column":39}},"5":{"start":{"line":12,"column":0},"end":{"line":12,"column":28}},"6":{"start":{"line":14,"column":0},"end":{"line":14,"column":43}},"7":{"start":{"line":16,"column":0},"end":{"line":16,"column":32}},"8":{"start":{"line":18,"column":0},"end":{"line":18,"column":47}},"9":{"start":{"line":20,"column":0},"end":{"line":20,"column":58}},"10":{"start":{"line":22,"column":0},"end":{"line":22,"column":71}},"11":{"start":{"line":24,"column":0},"end":{"line":24,"column":33}},"12":{"start":{"line":26,"column":0},"end":{"line":26,"column":95}},"13":{"start":{"line":26,"column":39},"end":{"line":26,"column":93}},"14":{"start":{"line":28,"column":0},"end":{"line":34,"column":1}},"15":{"start":{"line":29,"column":2},"end":{"line":31,"column":5}},"16":{"start":{"line":30,"column":4},"end":{"line":30,"column":16}},"17":{"start":{"line":32,"column":2},"end":{"line":32,"column":42}},"18":{"start":{"line":33,"column":2},"end":{"line":33,"column":56}},"19":{"start":{"line":36,"column":0},"end":{"line":46,"column":1}},"20":{"start":{"line":37,"column":2},"end":{"line":45,"column":5}},"21":{"start":{"line":38,"column":4},"end":{"line":38,"column":23}},"22":{"start":{"line":40,"column":4},"end":{"line":40,"column":44}},"23":{"start":{"line":42,"column":4},"end":{"line":42,"column":54}},"24":{"start":{"line":44,"column":4},"end":{"line":44,"column":37}},"25":{"start":{"line":48,"column":0},"end":{"line":71,"column":1}},"26":{"start":{"line":49,"column":2},"end":{"line":49,"column":74}},"27":{"start":{"line":50,"column":2},"end":{"line":52,"column":3}},"28":{"start":{"line":51,"column":4},"end":{"line":51,"column":38}},"29":{"start":{"line":55,"column":2},"end":{"line":68,"column":23}},"30":{"start":{"line":56,"column":4},"end":{"line":56,"column":42}},"31":{"start":{"line":58,"column":4},"end":{"line":58,"column":27}},"32":{"start":{"line":60,"column":4},"end":{"line":60,"column":16}},"33":{"start":{"line":62,"column":4},"end":{"line":62,"column":56}},"34":{"start":{"line":64,"column":4},"end":{"line":64,"column":55}},"35":{"start":{"line":67,"column":4},"end":{"line":67,"column":41}},"36":{"start":{"line":70,"column":2},"end":{"line":70,"column":18}},"37":{"start":{"line":72,"column":0},"end":{"line":72,"column":36}}},"branchMap":{"1":{"line":26,"type":"cond-expr","locations":[{"start":{"line":26,"column":70},"end":{"line":26,"column":73}},{"start":{"line":26,"column":76},"end":{"line":26,"column":92}}]},"2":{"line":26,"type":"binary-expr","locations":[{"start":{"line":26,"column":46},"end":{"line":26,"column":49}},{"start":{"line":26,"column":53},"end":{"line":26,"column":67}}]},"3":{"line":33,"type":"cond-expr","locations":[{"start":{"line":33,"column":28},"end":{"line":33,"column":48}},{"start":{"line":33,"column":51},"end":{"line":33,"column":55}}]},"4":{"line":50,"type":"if","locations":[{"start":{"line":50,"column":2},"end":{"line":50,"column":2}},{"start":{"line":50,"column":2},"end":{"line":50,"column":2}}]}},"code":["'use strict';","","Object.defineProperty(exports, \"__esModule\", {","  value: true","});","exports.default = parseMocha;","","var _fs = require('fs');","","var _fs2 = _interopRequireDefault(_fs);","","var _path = require('path');","","var _path2 = _interopRequireDefault(_path);","","var _lodash = require('lodash');","","var _lodash2 = _interopRequireDefault(_lodash);","","var _requirePackageName = require('require-package-name');","","var _requirePackageName2 = _interopRequireDefault(_requirePackageName);","","var _utils = require('../utils');","","function _interopRequireDefault(obj) { return obj && obj.__esModule ? obj : { default: obj }; }","","function getOpts(script) {","  var argvs = script.split(' ').filter(function (argv) {","    return argv;","  });","  var optsIndex = argvs.indexOf('--opts');","  return optsIndex !== -1 ? argvs[optsIndex + 1] : null;","}","","function getRequires(content, deps) {","  return content.split('\\n').map(function (line) {","    return line.trim();","  }).filter(function (line) {","    return line.indexOf('--require ') === 0;","  }).map(function (line) {","    return line.substring('--require '.length).trim();","  }).map(_requirePackageName2.default).filter(function (name) {","    return deps.indexOf(name) !== -1;","  });","}","","function parseMocha(content, filepath, deps, rootDir) {","  var defaultOptPath = _path2.default.resolve(rootDir, 'test/mocha.opts');","  if (filepath === defaultOptPath) {","    return getRequires(content, deps);","  }","","  // get mocha.opts from scripts","  var requires = (0, _lodash2.default)((0, _utils.getScripts)(filepath, content)).filter(function (script) {","    return script.indexOf('mocha') !== -1;","  }).map(function (script) {","    return getOpts(script);","  }).filter(function (opts) {","    return opts;","  }).map(function (opts) {","    return _path2.default.resolve(filepath, '..', opts);","  }).map(function (optPath) {","    return _fs2.default.readFileSync(optPath, 'utf-8');","  }) // TODO async read file","  .map(function (optContent) {","    return getRequires(optContent, deps);","  }).flatten().value();","","  return requires;","}","module.exports = exports['default'];"],"l":{"3":1,"6":1,"8":1,"10":1,"12":1,"14":1,"16":1,"18":1,"20":1,"22":1,"24":1,"26":4,"28":1,"29":0,"30":0,"32":0,"33":0,"36":1,"37":0,"38":0,"40":0,"42":0,"44":0,"48":1,"49":0,"50":0,"51":0,"55":0,"56":0,"58":0,"60":0,"62":0,"64":0,"67":0,"70":0,"72":1}},"/home/travis/build/npmtest/node-npmtest-depcheck/node_modules/depcheck/dist/special/webpack.js":{"path":"/home/travis/build/npmtest/node-npmtest-depcheck/node_modules/depcheck/dist/special/webpack.js","s":{"1":1,"2":1,"3":1,"4":1,"5":1,"6":1,"7":1,"8":2,"9":1,"10":1,"11":1,"12":0,"13":0,"14":0,"15":0,"16":0,"17":1,"18":0,"19":0,"20":1,"21":0,"22":0,"23":0,"24":1,"25":0,"26":0,"27":0,"28":0,"29":1,"30":0,"31":0,"32":0,"33":0,"34":0,"35":0,"36":0,"37":0,"38":1},"b":{"1":[0,2],"2":[2,2],"3":[0,0],"4":[0,0],"5":[0,0],"6":[0,0],"7":[0,0],"8":[0,0]},"f":{"1":2,"2":0,"3":0,"4":0,"5":0,"6":0,"7":0,"8":0,"9":0,"10":0},"fnMap":{"1":{"name":"_interopRequireDefault","line":16,"loc":{"start":{"line":16,"column":0},"end":{"line":16,"column":37}}},"2":{"name":"extractLoaders","line":21,"loc":{"start":{"line":21,"column":0},"end":{"line":21,"column":30}}},"3":{"name":"stripQueryParameter","line":31,"loc":{"start":{"line":31,"column":0},"end":{"line":31,"column":37}}},"4":{"name":"normalizeLoader","line":36,"loc":{"start":{"line":36,"column":0},"end":{"line":36,"column":39}}},"5":{"name":"(anonymous_5)","line":37,"loc":{"start":{"line":37,"column":56},"end":{"line":37,"column":76}}},"6":{"name":"getLoaders","line":44,"loc":{"start":{"line":44,"column":0},"end":{"line":44,"column":35}}},"7":{"name":"(anonymous_7)","line":45,"loc":{"start":{"line":45,"column":80},"end":{"line":45,"column":98}}},"8":{"name":"(anonymous_8)","line":47,"loc":{"start":{"line":47,"column":9},"end":{"line":47,"column":27}}},"9":{"name":"(anonymous_9)","line":49,"loc":{"start":{"line":49,"column":12},"end":{"line":49,"column":30}}},"10":{"name":"parseWebpack","line":54,"loc":{"start":{"line":54,"column":0},"end":{"line":54,"column":47}}}},"statementMap":{"1":{"start":{"line":3,"column":0},"end":{"line":5,"column":3}},"2":{"start":{"line":6,"column":0},"end":{"line":6,"column":31}},"3":{"start":{"line":8,"column":0},"end":{"line":8,"column":28}},"4":{"start":{"line":10,"column":0},"end":{"line":10,"column":43}},"5":{"start":{"line":12,"column":0},"end":{"line":12,"column":32}},"6":{"start":{"line":14,"column":0},"end":{"line":14,"column":47}},"7":{"start":{"line":16,"column":0},"end":{"line":16,"column":95}},"8":{"start":{"line":16,"column":39},"end":{"line":16,"column":93}},"9":{"start":{"line":18,"column":0},"end":{"line":18,"column":53}},"10":{"start":{"line":19,"column":0},"end":{"line":19,"column":76}},"11":{"start":{"line":21,"column":0},"end":{"line":29,"column":1}},"12":{"start":{"line":22,"column":2},"end":{"line":26,"column":3}},"13":{"start":{"line":23,"column":4},"end":{"line":23,"column":34}},"14":{"start":{"line":24,"column":9},"end":{"line":26,"column":3}},"15":{"start":{"line":25,"column":4},"end":{"line":25,"column":24}},"16":{"start":{"line":28,"column":2},"end":{"line":28,"column":12}},"17":{"start":{"line":31,"column":0},"end":{"line":34,"column":1}},"18":{"start":{"line":32,"column":2},"end":{"line":32,"column":34}},"19":{"start":{"line":33,"column":2},"end":{"line":33,"column":60}},"20":{"start":{"line":36,"column":0},"end":{"line":42,"column":1}},"21":{"start":{"line":37,"column":2},"end":{"line":39,"column":32}},"22":{"start":{"line":38,"column":4},"end":{"line":38,"column":41}},"23":{"start":{"line":41,"column":2},"end":{"line":41,"column":14}},"24":{"start":{"line":44,"column":0},"end":{"line":52,"column":1}},"25":{"start":{"line":45,"column":2},"end":{"line":51,"column":20}},"26":{"start":{"line":46,"column":4},"end":{"line":46,"column":39}},"27":{"start":{"line":48,"column":4},"end":{"line":48,"column":41}},"28":{"start":{"line":50,"column":4},"end":{"line":50,"column":18}},"29":{"start":{"line":54,"column":0},"end":{"line":65,"column":1}},"30":{"start":{"line":55,"column":2},"end":{"line":55,"column":51}},"31":{"start":{"line":56,"column":2},"end":{"line":62,"column":3}},"32":{"start":{"line":57,"column":4},"end":{"line":57,"column":48}},"33":{"start":{"line":58,"column":4},"end":{"line":58,"column":51}},"34":{"start":{"line":59,"column":4},"end":{"line":59,"column":57}},"35":{"start":{"line":60,"column":4},"end":{"line":60,"column":59}},"36":{"start":{"line":61,"column":4},"end":{"line":61,"column":58}},"37":{"start":{"line":64,"column":2},"end":{"line":64,"column":12}},"38":{"start":{"line":66,"column":0},"end":{"line":66,"column":36}}},"branchMap":{"1":{"line":16,"type":"cond-expr","locations":[{"start":{"line":16,"column":70},"end":{"line":16,"column":73}},{"start":{"line":16,"column":76},"end":{"line":16,"column":92}}]},"2":{"line":16,"type":"binary-expr","locations":[{"start":{"line":16,"column":46},"end":{"line":16,"column":49}},{"start":{"line":16,"column":53},"end":{"line":16,"column":67}}]},"3":{"line":22,"type":"if","locations":[{"start":{"line":22,"column":2},"end":{"line":22,"column":2}},{"start":{"line":22,"column":2},"end":{"line":22,"column":2}}]},"4":{"line":24,"type":"if","locations":[{"start":{"line":24,"column":9},"end":{"line":24,"column":9}},{"start":{"line":24,"column":9},"end":{"line":24,"column":9}}]},"5":{"line":33,"type":"cond-expr","locations":[{"start":{"line":33,"column":24},"end":{"line":33,"column":30}},{"start":{"line":33,"column":33},"end":{"line":33,"column":59}}]},"6":{"line":45,"type":"binary-expr","locations":[{"start":{"line":45,"column":31},"end":{"line":45,"column":38}},{"start":{"line":45,"column":42},"end":{"line":45,"column":44}}]},"7":{"line":56,"type":"if","locations":[{"start":{"line":56,"column":2},"end":{"line":56,"column":2}},{"start":{"line":56,"column":2},"end":{"line":56,"column":2}}]},"8":{"line":57,"type":"binary-expr","locations":[{"start":{"line":57,"column":17},"end":{"line":57,"column":41}},{"start":{"line":57,"column":45},"end":{"line":57,"column":47}}]}},"code":["'use strict';","","Object.defineProperty(exports, \"__esModule\", {","  value: true","});","exports.default = parseWebpack;","","var _path = require('path');","","var _path2 = _interopRequireDefault(_path);","","var _lodash = require('lodash');","","var _lodash2 = _interopRequireDefault(_lodash);","","function _interopRequireDefault(obj) { return obj && obj.__esModule ? obj : { default: obj }; }","","var webpackConfigRegex = /webpack(\\..+)?\\.config.js/;","var loaderTemplates = ['*-webpack-loader', '*-web-loader', '*-loader', '*'];","","function extractLoaders(item) {","  if (item.loader) {","    return item.loader.split('!');","  } else if (item.loaders) {","    return item.loaders;","  }","","  return [];","}","","function stripQueryParameter(loader) {","  var index = loader.indexOf('?');","  return index === -1 ? loader : loader.substring(0, index);","}","","function normalizeLoader(deps, loader) {","  var name = (0, _lodash2.default)(loaderTemplates).map(function (template) {","    return template.replace('*', loader);","  }).intersection(deps).first();","","  return name;","}","","function getLoaders(deps, loaders) {","  return (0, _lodash2.default)(loaders || []).map(extractLoaders).flatten().map(function (loader) {","    return stripQueryParameter(loader);","  }).map(function (loader) {","    return normalizeLoader(deps, loader);","  }).filter(function (loader) {","    return loader;","  }).uniq().value();","}","","function parseWebpack(content, filepath, deps) {","  var filename = _path2.default.basename(filepath);","  if (webpackConfigRegex.test(filename)) {","    var module = require(filepath).module || {}; // eslint-disable-line global-require","    var loaders = getLoaders(deps, module.loaders);","    var preLoaders = getLoaders(deps, module.preLoaders);","    var postLoaders = getLoaders(deps, module.postLoaders);","    return loaders.concat(preLoaders).concat(postLoaders);","  }","","  return [];","}","module.exports = exports['default'];"],"l":{"3":1,"6":1,"8":1,"10":1,"12":1,"14":1,"16":2,"18":1,"19":1,"21":1,"22":0,"23":0,"24":0,"25":0,"28":0,"31":1,"32":0,"33":0,"36":1,"37":0,"38":0,"41":0,"44":1,"45":0,"46":0,"48":0,"50":0,"54":1,"55":0,"56":0,"57":0,"58":0,"59":0,"60":0,"61":0,"64":0,"66":1}}}